number,value,datetime_start,datetime_complete,duration,params_C,params_class_weight,user_attrs_cv_scores,user_attrs_cv_std,system_attrs_fixed_params,system_attrs_tpe:relative_params:0,state
0,0.7041661950027402,2026-10-05 13:42:45.497743,2026-10-05 13:42:48.451452,0 days 00:00:02.953709,1.0,balanced,"[0.7227637757610578, 0.7334742862223783, 0.562929320860157, 0.6905113601311494, 0.8111522320389588]",0.08097549687980211,"{'C': 1.0, 'class_weight': 'balanced'}",,COMPLETE
1,0.7038731280603001,2026-10-05 13:42:48.452457,2026-10-05 13:42:50.268853,0 days 00:00:01.816396,0.017670169402947963,balanced,"[0.7288209027822142, 0.7304681556930517, 0.544397658687291, 0.6898074917073906, 0.825871431431553]",0.091480643243891,,,COMPLETE
2,0.7080356936948866,2026-10-05 13:42:50.269851,2026-10-05 13:42:52.422295,0 days 00:00:02.152444,0.39079671568228835,balanced,"[0.7368038074943135, 0.7304596800949333, 0.5611379207140716, 0.6904971509998341, 0.8212799091712805]",0.08490141113444395,,,COMPLETE
3,0.75217654432281,2026-10-05 13:42:52.423294,2026-10-05 13:42:53.581501,0 days 00:00:01.158207,0.00022310108018679258,balanced,"[0.8441065601565332, 0.75273666217843, 0.6109430807336684, 0.7301827246926789, 0.8229136938527397]",0.08232351450968128,,,COMPLETE
4,0.6072204507332812,2026-10-05 13:42:53.581501,2026-10-05 13:42:54.819658,0 days 00:00:01.238157,1.7718847354806828,,"[0.6460991658459254, 0.4774360716233946, 0.627090937393672, 0.5819911436007239, 0.7034849352026904]",0.07570171028242324,,,COMPLETE
5,0.6960596055458873,2026-10-05 13:42:54.819658,2026-10-05 13:42:57.046691,0 days 00:00:02.227033,9.877700294007917,balanced,"[0.7290946670670108, 0.7011974677722818, 0.5662578357202055, 0.6905175718744035, 0.7932304852955346]",0.07407983042148164,,,COMPLETE
6,0.763853651530915,2026-10-05 13:42:57.047723,2026-10-05 13:42:57.998052,0 days 00:00:00.950329,0.0012601639723276807,,"[0.8635977995979094, 0.7565433076970982, 0.6776118412433678, 0.6651846413739747, 0.8563306677422248]",0.08453112815401158,,,COMPLETE
7,0.6590423408740373,2026-10-05 13:42:57.999053,2026-10-05 13:42:59.049247,0 days 00:00:01.050194,0.039054412752107935,,"[0.7482768963374877, 0.5383454859344861, 0.6279918328320995, 0.613698497334842, 0.7668989919312713]",0.08623664192779087,,,COMPLETE
8,0.7664688521395779,2026-10-05 13:42:59.050261,2026-10-05 13:43:00.067772,0 days 00:00:01.017511,0.0006870101665590031,,"[0.8617643275374616, 0.7194116867013141, 0.6830907732407516, 0.7083709517045618, 0.8597065215138013]",0.0778667291165434,,,COMPLETE
9,0.7078162891702328,2026-10-05 13:43:00.067772,2026-10-05 13:43:01.827310,0 days 00:00:01.759538,0.054502936945582565,balanced,"[0.7413937757108818, 0.728226029043124, 0.5545123565981007, 0.686122948272313, 0.8288263362267441]",0.08962157480660535,,,COMPLETE
10,0.5973068260038138,2026-10-05 13:43:01.827310,2026-10-05 13:43:03.252556,0 days 00:00:01.425246,77.21421085614125,,"[0.6309396257853485, 0.4742044772839711, 0.6036191365953191, 0.5760280849131914, 0.7017428054412391]",0.07441082901022708,,"{""C"": 77.21421085614125, ""class_weight"": null}",COMPLETE
11,0.762087917446332,2026-10-05 13:43:03.252556,2026-10-05 13:43:04.401948,0 days 00:00:01.149392,0.0002594621031297969,,"[0.8225151405425045, 0.715782798769706, 0.6898931157022462, 0.7227570546034005, 0.8594914776138025]",0.0663958929616982,,"{""C"": 0.0002594621031297969, ""class_weight"": null}",COMPLETE
12,0.7636381887779746,2026-10-05 13:43:04.402949,2026-10-05 13:43:05.386104,0 days 00:00:00.983155,0.0010368099012848535,,"[0.8633999884024737, 0.7484303674112928, 0.6793697942763632, 0.669595010925988, 0.8573957828737556]",0.0835696865592404,,"{""C"": 0.0010368099012848535, ""class_weight"": null}",COMPLETE
13,0.7213524010217096,2026-10-05 13:43:05.386104,2026-10-05 13:43:06.480468,0 days 00:00:01.094364,0.00469246960996414,,"[0.8110717685522659, 0.6719464221124543, 0.6446943457659396, 0.6456958001113248, 0.8333536685665636]",0.08322881507101818,,"{""C"": 0.00469246960996414, ""class_weight"": null}",COMPLETE
14,0.7483738431734446,2026-10-05 13:43:06.480468,2026-10-05 13:43:07.409958,0 days 00:00:00.929490,0.00014612378665943522,,"[0.7566128070169276, 0.7165385671293582, 0.6858135500364338, 0.7245986584750451, 0.8583056332094589]",0.05940608297366769,,"{""C"": 0.00014612378665943522, ""class_weight"": null}",COMPLETE
15,0.7178311962867048,2026-10-05 13:43:07.409958,2026-10-05 13:43:08.445273,0 days 00:00:01.035315,0.0049298013592719145,,"[0.8074724965252135, 0.6640209753752475, 0.6435178306570452, 0.6418252610395918, 0.8323194178364262]",0.08406905966002497,,"{""C"": 0.0049298013592719145, ""class_weight"": null}",COMPLETE
16,0.6227228066157239,2026-10-05 13:43:08.445273,2026-10-05 13:43:09.645156,0 days 00:00:01.199883,0.16140771408217963,,"[0.6998156020576409, 0.508641829404733, 0.619722948554224, 0.5687862302978073, 0.7166474227642144]",0.07835528750810983,,"{""C"": 0.16140771408217963, ""class_weight"": null}",COMPLETE
17,0.711696560914469,2026-10-05 13:43:09.645156,2026-10-05 13:43:11.098696,0 days 00:00:01.453540,0.0021156484575377216,balanced,"[0.7599571242398783, 0.7302782151811873, 0.539076721228222, 0.7078099048243934, 0.8213608390986638]",0.09435393887517603,,"{""C"": 0.0021156484575377216, ""class_weight"": ""balanced""}",COMPLETE
18,0.7693102012227813,2026-10-05 13:43:11.099695,2026-10-05 13:43:12.121241,0 days 00:00:01.021546,0.0008267294297703086,,"[0.8653420692719986, 0.7318621357510349, 0.6811567082918856, 0.7105713732865188, 0.8576187195124683]",0.07699890897196117,,"{""C"": 0.0008267294297703086, ""class_weight"": null}",COMPLETE
19,0.6764427230267491,2026-10-05 13:43:12.122240,2026-10-05 13:43:13.145205,0 days 00:00:01.022965,0.020800227753427304,,"[0.7639358700808806, 0.5763520486481661, 0.6259029261062911, 0.6182097444203276, 0.7978130258780806]",0.08757773137431273,,"{""C"": 0.020800227753427304, ""class_weight"": null}",COMPLETE
20,0.7645386814870794,2026-10-05 13:43:13.146205,2026-10-05 13:43:14.115230,0 days 00:00:00.969025,0.000450948229007698,,"[0.8530547585057704, 0.7168823781753428, 0.6851102440464099, 0.7083678076703511, 0.8592782190375223]",0.07555904029431822,,"{""C"": 0.000450948229007698, ""class_weight"": null}",COMPLETE
21,0.7647319304777735,2026-10-05 13:43:14.116228,2026-10-05 13:43:15.122057,0 days 00:00:01.005829,0.00036999566384240284,,"[0.847129616061526, 0.7168138048004536, 0.6863351085804067, 0.7140844431928789, 0.8592966797536029]",0.07312899126265568,,"{""C"": 0.00036999566384240284, ""class_weight"": null}",COMPLETE
22,0.7104955553489103,2026-10-05 13:43:15.123053,2026-10-05 13:43:16.121253,0 days 00:00:00.998200,0.0064346149281909425,,"[0.7965784159297461, 0.6437903014870325, 0.6402769996457024, 0.6419952641035527, 0.8298367955785174]",0.08452824009032875,,"{""C"": 0.0064346149281909425, ""class_weight"": null}",COMPLETE
23,0.7680462122864851,2026-10-05 13:43:16.121253,2026-10-05 13:43:17.133088,0 days 00:00:01.011835,0.0007680622486096797,,"[0.8670556126688349, 0.7212324521487012, 0.6830914853773229, 0.710563998466761, 0.8582875127708056]",0.07830631180848534,,"{""C"": 0.0007680622486096797, ""class_weight"": null}",COMPLETE
24,0.7640521736224948,2026-10-05 13:43:17.134087,2026-10-05 13:43:18.120875,0 days 00:00:00.986788,0.0010560160028841021,,"[0.8636208091816, 0.7519759807194973, 0.6793594491612436, 0.6679489057495025, 0.8573557233006299]",0.08387370944129045,,"{""C"": 0.0010560160028841021, ""class_weight"": null}",COMPLETE
25,0.7391206302058976,2026-10-05 13:43:18.121873,2026-10-05 13:43:19.099164,0 days 00:00:00.977291,0.002936131266018226,,"[0.8421265029546549, 0.7137358928381088, 0.6634618205920136, 0.635118630504916, 0.8411603041397941]",0.08741551485004664,,"{""C"": 0.002936131266018226, ""class_weight"": null}",COMPLETE
26,0.7479641188088111,2026-10-05 13:43:19.099164,2026-10-05 13:43:20.062507,0 days 00:00:00.963343,0.00011639207069974987,,"[0.750797038457244, 0.7183989153363496, 0.6844710971586662, 0.7282526319025978, 0.857900911189198]",0.05897140243085696,,"{""C"": 0.00011639207069974987, ""class_weight"": null}",COMPLETE
27,0.7235709343500943,2026-10-05 13:43:20.062507,2026-10-05 13:43:21.439590,0 days 00:00:01.377083,0.0006901494797400636,balanced,"[0.7779069543961666, 0.7426544858461058, 0.5742031692427606, 0.7105743742790286, 0.8125156879864099]",0.08210650892397436,,"{""C"": 0.0006901494797400636, ""class_weight"": ""balanced""}",COMPLETE
28,0.703730109102102,2026-10-05 13:43:21.440599,2026-10-05 13:43:22.441109,0 days 00:00:01.000510,0.007451819107783922,,"[0.7886484255584295, 0.6204402801429881, 0.641932364779968, 0.6390814649169939, 0.8285480101121305]",0.08686337880676905,,"{""C"": 0.007451819107783922, ""class_weight"": null}",COMPLETE
29,0.7640392474552435,2026-10-05 13:43:22.442156,2026-10-05 13:43:23.596088,0 days 00:00:01.153932,0.00010361017828051715,balanced,"[0.8549428998174227, 0.7509183078563124, 0.6460785690770439, 0.7370784168030338, 0.8311780437224053]",0.07427632067603829,,"{""C"": 0.00010361017828051715, ""class_weight"": ""balanced""}",COMPLETE
30,0.686115884010246,2026-10-05 13:43:23.597097,2026-10-05 13:43:24.647602,0 days 00:00:01.050505,0.013323941052157227,,"[0.7693089329417183, 0.5855207793636129, 0.633721654547583, 0.6231411305480447, 0.8188869226502711]",0.09097206387187626,,"{""C"": 0.013323941052157227, ""class_weight"": null}",COMPLETE
31,0.764442499060113,2026-10-05 13:43:24.647602,2026-10-05 13:43:25.629017,0 days 00:00:00.981415,0.00043360703352044794,,"[0.8526520100033984, 0.7168646754846251, 0.6851074086352167, 0.7083501341965177, 0.8592382669808071]",0.07546020766129008,,"{""C"": 0.00043360703352044794, ""class_weight"": null}",COMPLETE
32,0.7100725401563561,2026-10-05 13:43:25.630018,2026-10-05 13:43:27.092783,0 days 00:00:01.462765,0.004953348359835808,balanced,"[0.7499859229843702, 0.7298387008956293, 0.543988881231797, 0.6953131795409591, 0.8312360161290249]",0.09430375139565815,,"{""C"": 0.004953348359835808, ""class_weight"": ""balanced""}",COMPLETE
33,0.7581993428315396,2026-10-05 13:43:27.092783,2026-10-05 13:43:28.097389,0 days 00:00:01.004606,0.001747020032430468,,"[0.8623891440322299, 0.7487799122316077, 0.6730861242336718, 0.6615240675761571, 0.8452174660840311]",0.08379351161903231,,"{""C"": 0.001747020032430468, ""class_weight"": null}",COMPLETE
34,0.7646372935106716,2026-10-05 13:43:28.098381,2026-10-05 13:43:29.106331,0 days 00:00:01.007950,0.0004305014173512672,,"[0.8525268812173569, 0.7168756602490567, 0.6851159744372566, 0.7094359897544003, 0.8592319618952875]",0.07526583374869582,,"{""C"": 0.0004305014173512672, ""class_weight"": null}",COMPLETE
35,0.7585210688796687,2026-10-05 13:43:29.106331,2026-10-05 13:43:30.088239,0 days 00:00:00.981908,0.00022742818336420734,,"[0.8085198372621226, 0.715488369541597, 0.689829619474514, 0.7192892937070271, 0.8594782244130827]",0.06450067396556214,,"{""C"": 0.00022742818336420734, ""class_weight"": null}",COMPLETE
36,0.7454174248079461,2026-10-05 13:43:30.089239,2026-10-05 13:43:31.059587,0 days 00:00:00.970348,0.0024230066088233577,,"[0.8521531578053975, 0.7307273281952414, 0.670999352810076, 0.6316101437265561, 0.8415971415024591]",0.0887118934613046,,"{""C"": 0.0024230066088233577, ""class_weight"": null}",COMPLETE
37,0.765027028131288,2026-10-05 13:43:31.059587,2026-10-05 13:43:32.043797,0 days 00:00:00.984210,0.0004925320808344873,,"[0.8563216325791271, 0.717449123299008, 0.6840623361494381, 0.707491788253679, 0.8598102603751876]",0.07674347935767278,,"{""C"": 0.0004925320808344873, ""class_weight"": null}",COMPLETE
38,0.7694819197621899,2026-10-05 13:43:32.043797,2026-10-05 13:43:33.057759,0 days 00:00:01.013962,0.0008090121496898739,,"[0.8641921414285723, 0.7318586344957213, 0.6831024464898556, 0.7105683543983948, 0.8576880219984052]",0.07628640211823216,,"{""C"": 0.0008090121496898739, ""class_weight"": null}",COMPLETE
39,0.748807612712368,2026-10-05 13:43:33.057759,2026-10-05 13:43:34.334370,0 days 00:00:01.276611,0.00032205031375961654,balanced,"[0.8413848577604, 0.7508335351467141, 0.6094653762083017, 0.7244158905640752, 0.8179384038823482]",0.08168834914906217,,"{""C"": 0.00032205031375961654, ""class_weight"": ""balanced""}",COMPLETE
40,0.7044835426325433,2026-10-05 13:43:34.335365,2026-10-05 13:43:35.919580,0 days 00:00:01.584215,0.01467303754336151,balanced,"[0.7321921432972651, 0.7309914595284637, 0.5440213624274822, 0.6895015902757397, 0.825711157633766]",0.09180320367005255,,"{""C"": 0.01467303754336151, ""class_weight"": ""balanced""}",COMPLETE
41,0.7681614425529762,2026-10-05 13:43:35.919580,2026-10-05 13:43:36.958699,0 days 00:00:01.039119,0.0007652321536804006,,"[0.8676103036965239, 0.7212403035089895, 0.683099567527137, 0.7105629189946971, 0.8582941190375342]",0.0784457534111425,,"{""C"": 0.0007652321536804006, ""class_weight"": null}",COMPLETE
42,0.7695293981524987,2026-10-05 13:43:36.959704,2026-10-05 13:43:38.008625,0 days 00:00:01.048921,0.0008018640159241785,,"[0.8641950578416823, 0.731863740292013, 0.683097525253599, 0.710565497310399, 0.8579251700648005]",0.0763430568601385,,"{""C"": 0.0008018640159241785, ""class_weight"": null}",COMPLETE
43,0.7676285048575234,2026-10-05 13:43:38.008625,2026-10-05 13:43:39.042471,0 days 00:00:01.033846,0.0009129295498074461,,"[0.8622158553815917, 0.7442546850100985, 0.679380130824018, 0.694124785078964, 0.8581670679929448]",0.07858868377685427,,"{""C"": 0.0009129295498074461, ""class_weight"": null}",COMPLETE
44,0.7023902400170027,2026-10-05 13:43:39.042471,2026-10-05 13:43:41.205159,0 days 00:00:02.162688,1.9611903543879876,balanced,"[0.7240357970510507, 0.7316896870226229, 0.5623800283122389, 0.6905091346346969, 0.8033365530644041]",0.07907106411163514,,"{""C"": 1.9611903543879876, ""class_weight"": ""balanced""}",COMPLETE
45,0.7484761296700693,2026-10-05 13:43:41.205159,2026-10-05 13:43:42.158198,0 days 00:00:00.953039,0.002059874628540237,,"[0.859819396945173, 0.7377302755306735, 0.6716813466163825, 0.6301351267343283, 0.8430145025237898]",0.09094210484765496,,"{""C"": 0.002059874628540237, ""class_weight"": null}",COMPLETE
46,0.7561362219353545,2026-10-05 13:43:42.158198,2026-10-05 13:43:43.129680,0 days 00:00:00.971482,0.00019065902890160895,,"[0.7958896182305836, 0.715169521576058, 0.6908756824202041, 0.7192452558557064, 0.8595010315942202]",0.06255040899505887,,"{""C"": 0.00019065902890160895, ""class_weight"": null}",COMPLETE
47,0.7484693307382925,2026-10-05 13:43:43.130683,2026-10-05 13:43:44.044167,0 days 00:00:00.913484,0.0001010208489257244,,"[0.7491408391189517, 0.7189730681261579, 0.6843956286029831, 0.7320952115395137, 0.857741906303856]",0.05862512650251813,,"{""C"": 0.0001010208489257244, ""class_weight"": null}",COMPLETE
48,0.7131049081615828,2026-10-05 13:43:44.044167,2026-10-05 13:43:45.373792,0 days 00:00:01.329625,0.0012722868460680746,balanced,"[0.7676233505765897, 0.7351478258106786, 0.538228924847719, 0.7089505584472111, 0.8155738811257153]",0.09440011585131389,,"{""C"": 0.0012722868460680746, ""class_weight"": ""balanced""}",COMPLETE
49,0.7694840643016011,2026-10-05 13:43:45.373792,2026-10-05 13:43:46.321728,0 days 00:00:00.947936,0.000885071112851607,,"[0.8650889026067585, 0.7442607905595592, 0.6794085325552239, 0.700481099068008, 0.8581809967184562]",0.07812637851097731,,"{""C"": 0.000885071112851607, ""class_weight"": null}",COMPLETE
