number,value,datetime_start,datetime_complete,duration,params_colsample_bytree,params_learning_rate,params_max_depth,params_min_child_weight,params_n_estimators,params_reg_lambda,params_subsample,params_u,user_attrs_cv_scores,user_attrs_cv_std,system_attrs_fixed_params,system_attrs_tpe:relative_params:0,state
38,0.8003747168920784,2026-10-05 13:38:24.488215,2026-10-05 13:38:45.523985,0 days 00:00:21.035770,0.8819619295672804,0.0170871375407933,6,1.2233857797334473,750,2.3131589400063324,0.7131638151271177,0.27974005895849996,"[0.873953390572932, 0.8171292865873543, 0.7503950899122946, 0.7470140363284484, 0.8133817810593624]",0.04734774733355605,,"{""colsample_bytree"": 0.8819619295672804, ""learning_rate"": 0.0170871375407933, ""max_depth"": 6, ""min_child_weight"": 1.2233857797334473, ""n_estimators"": 750, ""reg_lambda"": 2.3131589400063324, ""subsample"": 0.7131638151271177, ""u"": 0.27974005895849996}",COMPLETE
39,0.7984841331461752,2026-10-05 13:38:45.524984,2026-10-05 13:39:07.209496,0 days 00:00:21.684512,0.9618693057550878,0.0235123555015866,6,1.5481451626897402,850,2.759599428835903,0.7000526422185092,0.035169643872161746,"[0.8757740144990365, 0.8221644498655429, 0.7522144193599098, 0.7324152944899341, 0.8098524875164522]",0.05132192610532941,,"{""colsample_bytree"": 0.9618693057550878, ""learning_rate"": 0.0235123555015866, ""max_depth"": 6, ""min_child_weight"": 1.5481451626897402, ""n_estimators"": 850, ""reg_lambda"": 2.759599428835903, ""subsample"": 0.7000526422185092, ""u"": 0.035169643872161746}",COMPLETE
40,0.8025626821379139,2026-10-05 13:39:07.209496,2026-10-05 13:39:27.593267,0 days 00:00:20.383771,0.8737359698684306,0.026168199790617647,6,1.0524760929572634,750,2.188570956131342,0.7575605297522744,0.10960372612574856,"[0.8802452302109843, 0.8243945071928109, 0.7521033664489215, 0.7458773432871499, 0.8101929635497034]",0.049656415970552994,,"{""colsample_bytree"": 0.8737359698684306, ""learning_rate"": 0.026168199790617647, ""max_depth"": 6, ""min_child_weight"": 1.0524760929572634, ""n_estimators"": 750, ""reg_lambda"": 2.188570956131342, ""subsample"": 0.7575605297522744, ""u"": 0.10960372612574856}",COMPLETE
41,0.800877439166198,2026-10-05 13:39:27.593267,2026-10-05 13:39:48.909805,0 days 00:00:21.316538,0.9721091130485138,0.02021493491429833,7,1.2202168505887752,750,2.68216345872724,0.8096334412281554,0.08289470271351113,"[0.8749304719183104, 0.821137018689529, 0.751881521974414, 0.7426119040493596, 0.8138262791993771]",0.04869794074571973,,"{""colsample_bytree"": 0.9721091130485138, ""learning_rate"": 0.02021493491429833, ""max_depth"": 7, ""min_child_weight"": 1.2202168505887752, ""n_estimators"": 750, ""reg_lambda"": 2.68216345872724, ""subsample"": 0.8096334412281554, ""u"": 0.08289470271351113}",COMPLETE
42,0.802488344961958,2026-10-05 13:39:48.910806,2026-10-05 13:40:07.714725,0 days 00:00:18.803919,0.9031677705834802,0.02286598467215875,7,1.2405522062217365,700,5.150781910839009,0.7722903931023731,0.08860921376017139,"[0.8743171998386651, 0.8217860576181316, 0.7525469118455692, 0.7464385495196155, 0.8173530059878086]",0.047725193692472107,,"{""colsample_bytree"": 0.9031677705834802, ""learning_rate"": 0.02286598467215875, ""max_depth"": 7, ""min_child_weight"": 1.2405522062217365, ""n_estimators"": 700, ""reg_lambda"": 5.150781910839009, ""subsample"": 0.7722903931023731, ""u"": 0.08860921376017139}",COMPLETE
43,0.7972995951456914,2026-10-05 13:40:07.714725,2026-10-05 13:40:24.720407,0 days 00:00:17.005682,0.9155415133906895,0.037574481704124786,5,1.028142050139358,700,2.144363640228488,0.7859988842082267,0.12035149393795225,"[0.8815624669361672, 0.8229021674640105, 0.7514389211083816, 0.7297620520998218, 0.8008323681200761]",0.05372657610607722,,"{""colsample_bytree"": 0.9155415133906895, ""learning_rate"": 0.037574481704124786, ""max_depth"": 5, ""min_child_weight"": 1.028142050139358, ""n_estimators"": 700, ""reg_lambda"": 2.144363640228488, ""subsample"": 0.7859988842082267, ""u"": 0.12035149393795225}",COMPLETE
44,0.8019480547946436,2026-10-05 13:40:24.721408,2026-10-05 13:40:43.972137,0 days 00:00:19.250729,0.853273224088466,0.03366806332074686,6,1.070820003439215,750,4.226378417500726,0.7585832690261055,0.01673455622737327,"[0.8784463108335355, 0.8216780954574119, 0.7497689393110325, 0.7517272795134657, 0.8081196488577724]",0.04800860884741608,,"{""colsample_bytree"": 0.853273224088466, ""learning_rate"": 0.03366806332074686, ""max_depth"": 6, ""min_child_weight"": 1.070820003439215, ""n_estimators"": 750, ""reg_lambda"": 4.226378417500726, ""subsample"": 0.7585832690261055, ""u"": 0.01673455622737327}",COMPLETE
45,0.7997078481421023,2026-10-05 13:40:43.972137,2026-10-05 13:41:00.998448,0 days 00:00:17.026311,0.8997727881881248,0.02697925419044283,6,2.0177669242156764,700,2.3703412814594693,0.7509829816862346,0.035354108802122905,"[0.8765618555222394, 0.8247768396321431, 0.750950309337164, 0.7510818612463744, 0.79516837497259]",0.047533953745231824,,"{""colsample_bytree"": 0.8997727881881248, ""learning_rate"": 0.02697925419044283, ""max_depth"": 6, ""min_child_weight"": 2.0177669242156764, ""n_estimators"": 700, ""reg_lambda"": 2.3703412814594693, ""subsample"": 0.7509829816862346, ""u"": 0.035354108802122905}",COMPLETE
46,0.800970380594985,2026-10-05 13:41:00.998448,2026-10-05 13:41:18.006065,0 days 00:00:17.007617,0.8912944109645861,0.02450927002382042,6,1.2562174636563608,650,2.40811795519708,0.8221989798870657,0.11417740445799096,"[0.8799712122504909, 0.8204037891970152, 0.7508522787985206, 0.7517137755115345, 0.8019108472173639]",0.04807849939765305,,"{""colsample_bytree"": 0.8912944109645861, ""learning_rate"": 0.02450927002382042, ""max_depth"": 6, ""min_child_weight"": 1.2562174636563608, ""n_estimators"": 650, ""reg_lambda"": 2.40811795519708, ""subsample"": 0.8221989798870657, ""u"": 0.11417740445799096}",COMPLETE
47,0.8020746242391008,2026-10-05 13:41:18.007066,2026-10-05 13:41:36.759738,0 days 00:00:18.752672,0.9307140136686056,0.02085116128531381,6,2.0005349637706726,750,1.4390490189878373,0.780082445084338,0.16397905894568585,"[0.8786417557640853, 0.821118063491545, 0.7520480422487744, 0.7413776003364889, 0.8171876593546101]",0.05027995555924352,,"{""colsample_bytree"": 0.9307140136686056, ""learning_rate"": 0.02085116128531381, ""max_depth"": 6, ""min_child_weight"": 2.0005349637706726, ""n_estimators"": 750, ""reg_lambda"": 1.4390490189878373, ""subsample"": 0.780082445084338, ""u"": 0.16397905894568585}",COMPLETE
48,0.7990366502320927,2026-10-05 13:41:36.760735,2026-10-05 13:41:59.822862,0 days 00:00:23.062127,0.9706436883552183,0.016406754244851333,6,1.0505444153392434,800,5.7538528495149155,0.7347219046478259,0.15767037092871466,"[0.8713785735381093, 0.8210116868117237, 0.7519859816694102, 0.7454247981139542, 0.8053822110272661]",0.046571489866285135,,"{""colsample_bytree"": 0.9706436883552183, ""learning_rate"": 0.016406754244851333, ""max_depth"": 6, ""min_child_weight"": 1.0505444153392434, ""n_estimators"": 800, ""reg_lambda"": 5.7538528495149155, ""subsample"": 0.7347219046478259, ""u"": 0.15767037092871466}",COMPLETE
49,0.7999312467521347,2026-10-05 13:41:59.823869,2026-10-05 13:42:21.755614,0 days 00:00:21.931745,0.97142876709532,0.02299703929432278,6,1.2627543199127802,800,1.4381588945565724,0.6905466792487845,0.059072536878015405,"[0.8764454863375721, 0.8211525791312997, 0.7520497123150622, 0.7466277051568289, 0.8033807508199103]",0.047855160165335094,,"{""colsample_bytree"": 0.97142876709532, ""learning_rate"": 0.02299703929432278, ""max_depth"": 6, ""min_child_weight"": 1.2627543199127802, ""n_estimators"": 800, ""reg_lambda"": 1.4381588945565724, ""subsample"": 0.6905466792487845, ""u"": 0.059072536878015405}",COMPLETE
