number,value,datetime_start,datetime_complete,duration,params_colsample_bytree,params_learning_rate,params_max_depth,params_min_child_weight,params_n_estimators,params_reg_lambda,params_subsample,params_u,user_attrs_cv_scores,user_attrs_cv_std,system_attrs_fixed_params,system_attrs_tpe:relative_params:0,state
38,0.8469983711621023,2026-10-05 13:20:16.737964,2026-10-05 13:20:53.495511,0 days 00:00:36.757547,0.6092370351666231,0.029006796311623173,7,1.2821234556168364,800,0.868085014102181,0.5753378660813665,0.9521126389857336,"[0.7090482898449013, 0.8740499744317024, 0.8964782495345575, 0.8587436628404876, 0.8966716791588623]",0.07044950240077283,,"{""colsample_bytree"": 0.6092370351666231, ""learning_rate"": 0.029006796311623173, ""max_depth"": 7, ""min_child_weight"": 1.2821234556168364, ""n_estimators"": 800, ""reg_lambda"": 0.868085014102181, ""subsample"": 0.5753378660813665, ""u"": 0.9521126389857336}",COMPLETE
39,0.8434113829373873,2026-10-05 13:20:53.496521,2026-10-05 13:21:22.579085,0 days 00:00:29.082564,0.5695474241202371,0.0631539235057929,8,1.526647012142744,650,1.3885565681624097,0.5343167640883175,0.8888594739390167,"[0.7162843567580495, 0.875926676582485, 0.8912246223532718, 0.8453269058958434, 0.8882943530972867]",0.06560911706165304,,"{""colsample_bytree"": 0.5695474241202371, ""learning_rate"": 0.0631539235057929, ""max_depth"": 8, ""min_child_weight"": 1.526647012142744, ""n_estimators"": 650, ""reg_lambda"": 1.3885565681624097, ""subsample"": 0.5343167640883175, ""u"": 0.8888594739390167}",COMPLETE
40,0.8500719284674672,2026-10-05 13:21:22.580084,2026-10-05 13:21:54.668007,0 days 00:00:32.087923,0.6290574387193036,0.04456085165627642,7,1.049974268789923,700,0.6537353716185792,0.586288913310212,0.7286355564551781,"[0.7188045398211453, 0.8769770026329647, 0.9027115699100073, 0.8626671289956637, 0.8891994009775548]",0.06695601596637565,,"{""colsample_bytree"": 0.6290574387193036, ""learning_rate"": 0.04456085165627642, ""max_depth"": 7, ""min_child_weight"": 1.049974268789923, ""n_estimators"": 700, ""reg_lambda"": 0.6537353716185792, ""subsample"": 0.586288913310212, ""u"": 0.7286355564551781}",COMPLETE
41,0.8451481993084577,2026-10-05 13:21:54.669000,2026-10-05 13:22:23.413601,0 days 00:00:28.744601,0.7443858451747115,0.03182523405592096,7,1.060528876855798,600,1.0292795822851264,0.6098750157171166,0.9489786331989771,"[0.7009752632046274, 0.8741115346731934, 0.9003022510449505, 0.8660492223215147, 0.8843027252980021]",0.07298850511095463,,"{""colsample_bytree"": 0.7443858451747115, ""learning_rate"": 0.03182523405592096, ""max_depth"": 7, ""min_child_weight"": 1.060528876855798, ""n_estimators"": 600, ""reg_lambda"": 1.0292795822851264, ""subsample"": 0.6098750157171166, ""u"": 0.9489786331989771}",COMPLETE
42,0.8483642313526751,2026-10-05 13:22:23.414601,2026-10-05 13:22:54.482581,0 days 00:00:31.067980,0.6522072611904461,0.039553645069161016,8,1.22900113233798,650,1.573502589488659,0.5940914041972546,0.7302603042451001,"[0.7137565827040614, 0.8743248445852929, 0.9033440019751917, 0.8574187379774597, 0.8929769895213701]",0.0691205178994826,,"{""colsample_bytree"": 0.6522072611904461, ""learning_rate"": 0.039553645069161016, ""max_depth"": 8, ""min_child_weight"": 1.22900113233798, ""n_estimators"": 650, ""reg_lambda"": 1.573502589488659, ""subsample"": 0.5940914041972546, ""u"": 0.7302603042451001}",COMPLETE
43,0.8495711334435094,2026-10-05 13:22:54.483581,2026-10-05 13:23:23.577377,0 days 00:00:29.093796,0.6292926160285024,0.06862245285890568,8,1.072698601035499,600,0.9648229288028293,0.5188037222702409,0.77810234389431,"[0.7165928520854286, 0.8757435970056309, 0.9028442428478539, 0.859720082215879, 0.8929548930627551]",0.0681049148114164,,"{""colsample_bytree"": 0.6292926160285024, ""learning_rate"": 0.06862245285890568, ""max_depth"": 8, ""min_child_weight"": 1.072698601035499, ""n_estimators"": 600, ""reg_lambda"": 0.9648229288028293, ""subsample"": 0.5188037222702409, ""u"": 0.77810234389431}",COMPLETE
44,0.8495915520300894,2026-10-05 13:23:23.578376,2026-10-05 13:23:48.522254,0 days 00:00:24.943878,0.7048725802366791,0.041595696169778686,6,1.5584437717152302,550,0.5326093635894644,0.632906001966939,0.9037383849475861,"[0.7208351415337545, 0.8751950179487035, 0.9032468788433536, 0.8607961053798546, 0.8878846164447811]",0.06588557596988887,,"{""colsample_bytree"": 0.7048725802366791, ""learning_rate"": 0.041595696169778686, ""max_depth"": 6, ""min_child_weight"": 1.5584437717152302, ""n_estimators"": 550, ""reg_lambda"": 0.5326093635894644, ""subsample"": 0.632906001966939, ""u"": 0.9037383849475861}",COMPLETE
45,0.8506290975350422,2026-10-05 13:23:48.522254,2026-10-05 13:24:22.584856,0 days 00:00:34.062602,0.5704149962163104,0.05380241065212109,7,1.387332288468223,750,1.734299834598982,0.6128311054627857,0.802874381409244,"[0.7152673515947584, 0.8770786444854731, 0.9025908331170184, 0.8637446546816266, 0.8944640037963346]",0.06901582370555004,,"{""colsample_bytree"": 0.5704149962163104, ""learning_rate"": 0.05380241065212109, ""max_depth"": 7, ""min_child_weight"": 1.387332288468223, ""n_estimators"": 750, ""reg_lambda"": 1.734299834598982, ""subsample"": 0.6128311054627857, ""u"": 0.802874381409244}",COMPLETE
46,0.8486587882388852,2026-10-05 13:24:22.585394,2026-10-05 13:24:51.781289,0 days 00:00:29.195895,0.5772111719350306,0.044338023192305225,6,1.3325327797349533,700,0.8869587871712455,0.6677628144447324,0.8542926595075316,"[0.7165279449786455, 0.8787147040918797, 0.9024719924457263, 0.8601386724722193, 0.8854406272059548]",0.06744252395223906,,"{""colsample_bytree"": 0.5772111719350306, ""learning_rate"": 0.044338023192305225, ""max_depth"": 6, ""min_child_weight"": 1.3325327797349533, ""n_estimators"": 700, ""reg_lambda"": 0.8869587871712455, ""subsample"": 0.6677628144447324, ""u"": 0.8542926595075316}",COMPLETE
47,0.8502480427723988,2026-10-05 13:24:51.781289,2026-10-05 13:25:23.117592,0 days 00:00:31.336303,0.6875372362334395,0.035870171884715064,7,1.627483577917831,700,0.41579928584234344,0.6013135072838528,0.8201293505041044,"[0.7125937006683967, 0.879195948384184, 0.9010785614928742, 0.8680210983680432, 0.8903509049484959]",0.06970589907993152,,"{""colsample_bytree"": 0.6875372362334395, ""learning_rate"": 0.035870171884715064, ""max_depth"": 7, ""min_child_weight"": 1.627483577917831, ""n_estimators"": 700, ""reg_lambda"": 0.41579928584234344, ""subsample"": 0.6013135072838528, ""u"": 0.8201293505041044}",COMPLETE
48,0.8483276417730444,2026-10-05 13:25:23.117592,2026-10-05 13:25:59.173088,0 days 00:00:36.055496,0.6714161113948194,0.030442638560773488,7,1.4411025375271629,800,0.39028141270852384,0.5804808964680255,0.9870332927430426,"[0.7126992889267797, 0.8753156360420461, 0.8991277249616179, 0.8623766325458703, 0.8921189263889079]",0.06902043339832493,,"{""colsample_bytree"": 0.6714161113948194, ""learning_rate"": 0.030442638560773488, ""max_depth"": 7, ""min_child_weight"": 1.4411025375271629, ""n_estimators"": 800, ""reg_lambda"": 0.39028141270852384, ""subsample"": 0.5804808964680255, ""u"": 0.9870332927430426}",COMPLETE
49,0.849309271954119,2026-10-05 13:25:59.174093,2026-10-05 13:26:33.182774,0 days 00:00:34.008681,0.6799851994871613,0.04148123298174492,7,1.3405820814740739,800,0.5271955579929954,0.5510551101637965,0.7815562549575367,"[0.7180453971046393, 0.8754932780328982, 0.9027357310508325, 0.8642887190723114, 0.885983234509913]",0.06684243698722649,,"{""colsample_bytree"": 0.6799851994871613, ""learning_rate"": 0.04148123298174492, ""max_depth"": 7, ""min_child_weight"": 1.3405820814740739, ""n_estimators"": 800, ""reg_lambda"": 0.5271955579929954, ""subsample"": 0.5510551101637965, ""u"": 0.7815562549575367}",COMPLETE
