number,value,datetime_start,datetime_complete,duration,params_colsample_bytree,params_learning_rate,params_max_depth,params_min_child_weight,params_n_estimators,params_reg_lambda,params_subsample,params_u,user_attrs_cv_scores,user_attrs_cv_std,system_attrs_fixed_params,system_attrs_tpe:relative_params:0,state
0,0.7872754209705293,2026-10-05 13:29:36.176023,2026-10-05 13:29:49.892181,0 days 00:00:13.716158,0.8,0.05,5,1.0,400,1.0,0.8,1.0,"[0.8584681806938163, 0.81946717914612, 0.7515507758509161, 0.7074525260104491, 0.7994384431513454]",0.05272684756128458,"{'n_estimators': 400, 'max_depth': 5, 'learning_rate': 0.05, 'subsample': 0.8, 'colsample_bytree': 0.8, 'min_child_weight': 1.0, 'reg_lambda': 1.0, 'u': 1.0}",,COMPLETE
1,0.7928246070411389,2026-10-05 13:29:49.893183,2026-10-05 13:30:01.235626,0 days 00:00:11.342443,0.8,0.05,5,1.0,400,1.0,0.8,0.0,"[0.8793152719062304, 0.8262644821166856, 0.751376498595317, 0.7236573160069714, 0.7835094665804898]",0.05511386765310017,"{'n_estimators': 400, 'max_depth': 5, 'learning_rate': 0.05, 'subsample': 0.8, 'colsample_bytree': 0.8, 'min_child_weight': 1.0, 'reg_lambda': 1.0, 'u': 0.0}",,COMPLETE
2,0.7923049688623911,2026-10-05 13:30:01.236644,2026-10-05 13:30:12.554910,0 days 00:00:11.318266,0.5780093202212182,0.1205712628744377,8,1.5957084694148351,450,0.13066739238053282,0.7993292420985183,0.8661761457749352,"[0.8778201895508302, 0.8187265779007826, 0.7517947998405796, 0.7013586019041751, 0.811824675115588]",0.06050502257309779,,,COMPLETE
3,0.7939529562158223,2026-10-05 13:30:12.554910,2026-10-05 13:30:29.874301,0 days 00:00:17.319391,0.9162213204002109,0.010725209743171996,6,1.8891200276189386,650,0.23102018878452935,0.9849549260809971,0.18340450985343382,"[0.8811714526786295, 0.8159649979988687, 0.7499615334204253, 0.7412467929636734, 0.7814200040175144]",0.0509153334935988,,,COMPLETE
4,0.7905325898698738,2026-10-05 13:30:29.875305,2026-10-05 13:30:40.343409,0 days 00:00:10.468104,0.8059264473611898,0.04345454109729477,5,1.5187479226722465,350,0.3839629299804172,0.645614570099021,0.3663618432936917,"[0.8719004074517159, 0.8204304719224519, 0.7491359218658681, 0.7061374778068742, 0.8050586703024589]",0.05755316005912425,,,COMPLETE
5,0.801685843647071,2026-10-05 13:30:40.344407,2026-10-05 13:30:55.116605,0 days 00:00:14.772198,0.7962072844310213,0.019721610970574007,7,1.149299930022141,500,1.6409286730647923,0.7571172192068059,0.17052412368729153,"[0.8741040570848868, 0.8207941236889824, 0.7491926490570358, 0.748898658801626, 0.8154397296028244]",0.04762502649814174,,,COMPLETE
6,0.7876803676740611,2026-10-05 13:30:55.117609,2026-10-05 13:30:59.592049,0 days 00:00:04.474440,0.6523068845866853,0.26690431824362526,8,1.3399060561509786,150,2.3359635026261603,0.9041986740582306,0.4401524937396013,"[0.8637737869216694, 0.8017516591435646, 0.746413317767442, 0.7208564415271441, 0.8056066330104853]",0.04995591496311101,,,COMPLETE
7,0.7696859575521356,2026-10-05 13:30:59.592049,2026-10-05 13:31:05.285787,0 days 00:00:05.693738,0.6293899908000085,0.011240768803005551,5,7.277150634170934,200,0.420167205437253,0.954660201039391,0.5200680211778108,"[0.7926120981069618, 0.8154021216533447, 0.739781339560924, 0.7100247867332777, 0.79060944170617]",0.038748185120569684,,,COMPLETE
8,0.7978182741658356,2026-10-05 13:31:05.285787,2026-10-05 13:31:16.485027,0 days 00:00:11.199240,0.9697494707820946,0.27051668818999286,3,14.594768942966839,600,1.5696396388661147,0.8875664116805573,0.9218742350231168,"[0.8797680781667022, 0.8287622747630011, 0.7378246407764268, 0.7445337741166062, 0.7982026030064417]",0.05312612022377443,,,COMPLETE
9,0.7800606695694763,2026-10-05 13:31:16.485027,2026-10-05 13:31:20.238814,0 days 00:00:03.753787,0.6943386448447411,0.011662890273931383,3,2.2544116997360484,150,4.544383960336017,0.6626651653816322,0.3567533266935893,"[0.8489005856995615, 0.8062169368082129, 0.7064788269403323, 0.7170005968126256, 0.821706401586649]",0.05752966487770801,,,COMPLETE
10,0.8018527160489229,2026-10-05 13:31:20.239816,2026-10-05 13:31:36.077570,0 days 00:00:15.837754,0.9725682721151931,0.020008460158053645,6,2.1594744694914323,550,0.9544476407659491,0.6955339099662495,0.08960151385647736,"[0.8784996268498229, 0.8219663192370661, 0.7519385830244175, 0.7427859429794109, 0.8140731081538976]",0.04981756378660797,,"{""colsample_bytree"": 0.9725682721151931, ""learning_rate"": 0.020008460158053645, ""max_depth"": 6, ""min_child_weight"": 2.1594744694914323, ""n_estimators"": 550, ""reg_lambda"": 0.9544476407659491, ""subsample"": 0.6955339099662495, ""u"": 0.08960151385647736}",COMPLETE
11,0.8001746834572774,2026-10-05 13:31:36.078572,2026-10-05 13:31:50.177371,0 days 00:00:14.098799,0.9917000649238532,0.04810672097528555,6,1.6637076310228067,500,3.894285457226374,0.6779721525395551,0.18387981594064218,"[0.8749724392967521, 0.8226132854015847, 0.7524013193120646, 0.7423431531739764, 0.8085432201020093]",0.04856955375144069,,"{""colsample_bytree"": 0.9917000649238532, ""learning_rate"": 0.04810672097528555, ""max_depth"": 6, ""min_child_weight"": 1.6637076310228067, ""n_estimators"": 500, ""reg_lambda"": 3.894285457226374, ""subsample"": 0.6779721525395551, ""u"": 0.18387981594064218}",COMPLETE
12,0.7999864073003422,2026-10-05 13:31:50.177371,2026-10-05 13:32:03.752818,0 days 00:00:13.575447,0.6733300473780663,0.036502394354517374,7,2.572799974710618,500,1.544693236544618,0.6036560435358373,0.04973376664210073,"[0.8793129473746685, 0.8322875252367177, 0.7519664243855996, 0.750019704757372, 0.7863454347473536]",0.049648219372792325,,"{""colsample_bytree"": 0.6733300473780663, ""learning_rate"": 0.036502394354517374, ""max_depth"": 7, ""min_child_weight"": 2.572799974710618, ""n_estimators"": 500, ""reg_lambda"": 1.544693236544618, ""subsample"": 0.6036560435358373, ""u"": 0.04973376664210073}",COMPLETE
13,0.7957682685485257,2026-10-05 13:32:03.752818,2026-10-05 13:32:20.531839,0 days 00:00:16.779021,0.9824700852829327,0.016452655108636617,7,3.045484363628348,650,0.7785572250101214,0.7788549571330263,0.08604619983877636,"[0.8746718695925513, 0.823809381217432, 0.7500207066389338, 0.7326347397005465, 0.7977046455931652]",0.05117521606980203,,"{""colsample_bytree"": 0.9824700852829327, ""learning_rate"": 0.016452655108636617, ""max_depth"": 7, ""min_child_weight"": 3.045484363628348, ""n_estimators"": 650, ""reg_lambda"": 0.7785572250101214, ""subsample"": 0.7788549571330263, ""u"": 0.08604619983877636}",COMPLETE
14,0.7935237438988405,2026-10-05 13:32:20.532838,2026-10-05 13:32:37.939624,0 days 00:00:17.406786,0.6579677412707741,0.013329763623587306,8,1.3806816021960804,600,6.065776518591939,0.6988925390800583,0.20936451299212178,"[0.8778784722873613, 0.8217633799647539, 0.7515040870948462, 0.6969803168563827, 0.8194924632908582]",0.06272775541421123,,"{""colsample_bytree"": 0.6579677412707741, ""learning_rate"": 0.013329763623587306, ""max_depth"": 8, ""min_child_weight"": 1.3806816021960804, ""n_estimators"": 600, ""reg_lambda"": 6.065776518591939, ""subsample"": 0.6988925390800583, ""u"": 0.20936451299212178}",COMPLETE
15,0.7837942238113593,2026-10-05 13:32:37.939624,2026-10-05 13:32:42.027167,0 days 00:00:04.087543,0.6418843447998197,0.016491080205899518,7,1.1229933785473512,150,2.223524049845781,0.7914534526770299,0.022863985352344546,"[0.8778074745466646, 0.8065960615510501, 0.7002077562620699, 0.7282574096141615, 0.8061024170828506]",0.06313019229133912,,"{""colsample_bytree"": 0.6418843447998197, ""learning_rate"": 0.016491080205899518, ""max_depth"": 7, ""min_child_weight"": 1.1229933785473512, ""n_estimators"": 150, ""reg_lambda"": 2.223524049845781, ""subsample"": 0.7914534526770299, ""u"": 0.022863985352344546}",COMPLETE
16,0.7986604145913652,2026-10-05 13:32:42.028167,2026-10-05 13:32:50.840977,0 days 00:00:08.812810,0.9479225937834233,0.028787525417637246,8,3.5812603804570164,300,2.7975242333629144,0.7792015961974655,0.28910793681572167,"[0.870359642997502, 0.8255142604520853, 0.7518500442147404, 0.7366084401274312, 0.8089696851650667]",0.049009892391185646,,"{""colsample_bytree"": 0.9479225937834233, ""learning_rate"": 0.028787525417637246, ""max_depth"": 8, ""min_child_weight"": 3.5812603804570164, ""n_estimators"": 300, ""reg_lambda"": 2.7975242333629144, ""subsample"": 0.7792015961974655, ""u"": 0.28910793681572167}",COMPLETE
17,0.7997268713487903,2026-10-05 13:32:50.841975,2026-10-05 13:32:59.888962,0 days 00:00:09.046987,0.7883217594079993,0.016921040343504536,6,2.156685209369454,350,1.3211631458940916,0.8643952099042277,0.11366393179173487,"[0.8795067667705335, 0.8245794098289209, 0.7476289211072699, 0.7393896085151059, 0.8075296505221212]",0.051765133924037074,,"{""colsample_bytree"": 0.7883217594079993, ""learning_rate"": 0.016921040343504536, ""max_depth"": 6, ""min_child_weight"": 2.156685209369454, ""n_estimators"": 350, ""reg_lambda"": 1.3211631458940916, ""subsample"": 0.8643952099042277, ""u"": 0.11366393179173487}",COMPLETE
18,0.7932872585143302,2026-10-05 13:32:59.888962,2026-10-05 13:33:12.062835,0 days 00:00:12.173873,0.9836348019597981,0.01634777580779384,6,1.0467928892043723,400,2.924580429800145,0.7119542325384365,0.3114292974189909,"[0.8672527588475417, 0.8141975622788115, 0.7489224698233004, 0.7234162496850911, 0.8126472519369065]",0.05125063460836895,,"{""colsample_bytree"": 0.9836348019597981, ""learning_rate"": 0.01634777580779384, ""max_depth"": 6, ""min_child_weight"": 1.0467928892043723, ""n_estimators"": 400, ""reg_lambda"": 2.924580429800145, ""subsample"": 0.7119542325384365, ""u"": 0.3114292974189909}",COMPLETE
19,0.7954771648909632,2026-10-05 13:33:12.062835,2026-10-05 13:33:24.611386,0 days 00:00:12.548551,0.8764300118203004,0.011637435951844454,6,3.699554035792981,450,1.024277429712397,0.7381348889674854,0.22506743928203682,"[0.8752624686654394, 0.8222621881726584, 0.7498349276792747, 0.7414424577945138, 0.7885837821429296]",0.049261778865535115,,"{""colsample_bytree"": 0.8764300118203004, ""learning_rate"": 0.011637435951844454, ""max_depth"": 6, ""min_child_weight"": 3.699554035792981, ""n_estimators"": 450, ""reg_lambda"": 1.024277429712397, ""subsample"": 0.7381348889674854, ""u"": 0.22506743928203682}",COMPLETE
20,0.7971199370613393,2026-10-05 13:33:24.612385,2026-10-05 13:33:34.572689,0 days 00:00:09.960304,0.9440577960381807,0.017803062546245557,5,1.6335613649010041,400,4.796941780889431,0.7209252833162254,0.07720413853636317,"[0.8778243613266439, 0.8186880125057645, 0.7499229177213014, 0.7456902225936314, 0.7934741711593553]",0.04871191178386791,,"{""colsample_bytree"": 0.9440577960381807, ""learning_rate"": 0.017803062546245557, ""max_depth"": 5, ""min_child_weight"": 1.6335613649010041, ""n_estimators"": 400, ""reg_lambda"": 4.796941780889431, ""subsample"": 0.7209252833162254, ""u"": 0.07720413853636317}",COMPLETE
21,0.8026348139895422,2026-10-05 13:33:34.572689,2026-10-05 13:33:49.357821,0 days 00:00:14.785132,0.8352600657708716,0.02798376208522729,6,2.632640519031948,550,1.7181500368722675,0.7792621473139062,0.20695261420080918,"[0.8761547272985603, 0.8184553052542497, 0.7504027460042089, 0.7494886325503923, 0.8186726588402993]",0.04788608063282417,,"{""colsample_bytree"": 0.8352600657708716, ""learning_rate"": 0.02798376208522729, ""max_depth"": 6, ""min_child_weight"": 2.632640519031948, ""n_estimators"": 550, ""reg_lambda"": 1.7181500368722675, ""subsample"": 0.7792621473139062, ""u"": 0.20695261420080918}",COMPLETE
22,0.803073176300998,2026-10-05 13:33:49.358821,2026-10-05 13:34:10.040614,0 days 00:00:20.681793,0.9552236960281277,0.021259131950302004,6,1.3393398619474375,650,3.1651194005428067,0.8027983286607591,0.12262438564811953,"[0.8736682960752973, 0.8224080579998572, 0.7516751993990026, 0.7524674739018012, 0.8151468541290318]",0.04627304059057674,,"{""colsample_bytree"": 0.9552236960281277, ""learning_rate"": 0.021259131950302004, ""max_depth"": 6, ""min_child_weight"": 1.3393398619474375, ""n_estimators"": 650, ""reg_lambda"": 3.1651194005428067, ""subsample"": 0.8027983286607591, ""u"": 0.12262438564811953}",COMPLETE
23,0.7997269512510137,2026-10-05 13:34:10.041613,2026-10-05 13:34:25.947255,0 days 00:00:15.905642,0.932197337557314,0.038599306211487376,6,2.6612850013266263,650,2.1663837528944176,0.6899617186426976,0.028974036452440732,"[0.8808659856190663, 0.8246314098380315, 0.7506913989219888, 0.7470759380511119, 0.7953700238248699]",0.04979833803547656,,"{""colsample_bytree"": 0.932197337557314, ""learning_rate"": 0.038599306211487376, ""max_depth"": 6, ""min_child_weight"": 2.6612850013266263, ""n_estimators"": 650, ""reg_lambda"": 2.1663837528944176, ""subsample"": 0.6899617186426976, ""u"": 0.028974036452440732}",COMPLETE
24,0.8009910623992242,2026-10-05 13:34:25.947255,2026-10-05 13:34:39.387283,0 days 00:00:13.440028,0.9457665294521062,0.025867351338607895,7,3.3512171221520193,500,0.9897025840584053,0.6836928218849829,0.08567949168043361,"[0.8768196239124234, 0.8268246031302503, 0.7518000877583755, 0.7460135188480529, 0.8034974783470187]",0.04871530964656499,,"{""colsample_bytree"": 0.9457665294521062, ""learning_rate"": 0.025867351338607895, ""max_depth"": 7, ""min_child_weight"": 3.3512171221520193, ""n_estimators"": 500, ""reg_lambda"": 0.9897025840584053, ""subsample"": 0.6836928218849829, ""u"": 0.08567949168043361}",COMPLETE
25,0.794696040213987,2026-10-05 13:34:39.388284,2026-10-05 13:34:52.526502,0 days 00:00:13.138218,0.9153367029152614,0.01890024893666736,5,3.0966760731476572,500,1.7558523065256688,0.8066973948020848,0.24607508854752982,"[0.8739527189076806, 0.8191396374020518, 0.7487930646835678, 0.7157893666164954, 0.815805413460139]",0.055960812182562984,,"{""colsample_bytree"": 0.9153367029152614, ""learning_rate"": 0.01890024893666736, ""max_depth"": 5, ""min_child_weight"": 3.0966760731476572, ""n_estimators"": 500, ""reg_lambda"": 1.7558523065256688, ""subsample"": 0.8066973948020848, ""u"": 0.24607508854752982}",COMPLETE
26,0.8001269194017251,2026-10-05 13:34:52.527505,2026-10-05 13:35:09.891236,0 days 00:00:17.363731,0.9839815203341683,0.022628321745755898,7,1.9752220356207946,650,1.6967172976043146,0.9062992201998289,0.15301000400074782,"[0.8780533330448154, 0.8195468947726671, 0.748893656622805, 0.7409523880671484, 0.8131883245011898]",0.050491056759578726,,"{""colsample_bytree"": 0.9839815203341683, ""learning_rate"": 0.022628321745755898, ""max_depth"": 7, ""min_child_weight"": 1.9752220356207946, ""n_estimators"": 650, ""reg_lambda"": 1.6967172976043146, ""subsample"": 0.9062992201998289, ""u"": 0.15301000400074782}",COMPLETE
27,0.8009065515694557,2026-10-05 13:35:09.892235,2026-10-05 13:35:25.388251,0 days 00:00:15.496016,0.9398643185869026,0.01898069347362314,6,1.8817524307871945,550,0.6752748973205328,0.6048433355893056,0.23734787362321666,"[0.8733517087340199, 0.8215721597793973, 0.7502083034175197, 0.7496070059108956, 0.8097935800054458]",0.046810902969622994,,"{""colsample_bytree"": 0.9398643185869026, ""learning_rate"": 0.01898069347362314, ""max_depth"": 6, ""min_child_weight"": 1.8817524307871945, ""n_estimators"": 550, ""reg_lambda"": 0.6752748973205328, ""subsample"": 0.6048433355893056, ""u"": 0.23734787362321666}",COMPLETE
28,0.7936791870386484,2026-10-05 13:35:25.389250,2026-10-05 13:35:42.089984,0 days 00:00:16.700734,0.9350501879996687,0.012185730169122062,5,1.0983438796898848,700,3.9000128354755415,0.8693221460132382,0.05387660083256028,"[0.8772897570134438, 0.8196561037603272, 0.7513346144884399, 0.7350154841748726, 0.785099975756159]",0.05093843998053736,,"{""colsample_bytree"": 0.9350501879996687, ""learning_rate"": 0.012185730169122062, ""max_depth"": 5, ""min_child_weight"": 1.0983438796898848, ""n_estimators"": 700, ""reg_lambda"": 3.9000128354755415, ""subsample"": 0.8693221460132382, ""u"": 0.05387660083256028}",COMPLETE
29,0.8023763086206925,2026-10-05 13:35:42.090980,2026-10-05 13:36:03.170512,0 days 00:00:21.079532,0.9549019870312004,0.021908099739900547,6,1.189595991485415,650,2.399803139528341,0.7386912389129293,0.07582637532147143,"[0.8735495659843343, 0.8227167995419162, 0.7524211569946693, 0.7514398484093076, 0.8117541721732352]",0.046167851611966224,,"{""colsample_bytree"": 0.9549019870312004, ""learning_rate"": 0.021908099739900547, ""max_depth"": 6, ""min_child_weight"": 1.189595991485415, ""n_estimators"": 650, ""reg_lambda"": 2.399803139528341, ""subsample"": 0.7386912389129293, ""u"": 0.07582637532147143}",COMPLETE
30,0.7990027236090972,2026-10-05 13:36:03.171516,2026-10-05 13:36:23.842059,0 days 00:00:20.670543,0.9228888369005886,0.02015421212509948,7,1.2321895594264947,600,1.1799424057044121,0.8491320280456239,0.15653234270634603,"[0.8740363303266487, 0.8164519608705867, 0.7504021204501864, 0.7430000014776399, 0.8111232049204239]",0.04812431318743846,,"{""colsample_bytree"": 0.9228888369005886, ""learning_rate"": 0.02015421212509948, ""max_depth"": 7, ""min_child_weight"": 1.2321895594264947, ""n_estimators"": 600, ""reg_lambda"": 1.1799424057044121, ""subsample"": 0.8491320280456239, ""u"": 0.15653234270634603}",COMPLETE
31,0.7972550487337731,2026-10-05 13:36:23.843062,2026-10-05 13:36:38.875092,0 days 00:00:15.032030,0.8845184789859978,0.027290928870066355,6,1.8300543372693527,550,1.7044240650725624,0.7724040390026861,0.23320833498389448,"[0.8762182524948665, 0.8169795680943972, 0.7505064739927086, 0.7299767942410356, 0.812594154845858]",0.05209860872701274,,"{""colsample_bytree"": 0.8845184789859978, ""learning_rate"": 0.027290928870066355, ""max_depth"": 6, ""min_child_weight"": 1.8300543372693527, ""n_estimators"": 550, ""reg_lambda"": 1.7044240650725624, ""subsample"": 0.7724040390026861, ""u"": 0.23320833498389448}",COMPLETE
32,0.7967943967677824,2026-10-05 13:36:38.875092,2026-10-05 13:36:51.902356,0 days 00:00:13.027264,0.9100896952902774,0.016204785653663203,6,1.1566107182509806,500,7.355725008672156,0.8557084856988408,0.1393668919845935,"[0.8774425674796658, 0.8169937151809432, 0.748934782882564, 0.7382163673012885, 0.8023845509944505]",0.0503295497798796,,"{""colsample_bytree"": 0.9100896952902774, ""learning_rate"": 0.016204785653663203, ""max_depth"": 6, ""min_child_weight"": 1.1566107182509806, ""n_estimators"": 500, ""reg_lambda"": 7.355725008672156, ""subsample"": 0.8557084856988408, ""u"": 0.1393668919845935}",COMPLETE
33,0.801928998089289,2026-10-05 13:36:51.902356,2026-10-05 13:37:10.367782,0 days 00:00:18.465426,0.9556578244171791,0.01790178971750838,6,1.484905851447864,700,2.538674547279095,0.6975754647041477,0.1292379442030812,"[0.8731102345442668, 0.823417617990708, 0.7520563690062715, 0.7484200782488348, 0.8126406906563638]",0.04689083748521249,,"{""colsample_bytree"": 0.9556578244171791, ""learning_rate"": 0.01790178971750838, ""max_depth"": 6, ""min_child_weight"": 1.484905851447864, ""n_estimators"": 700, ""reg_lambda"": 2.538674547279095, ""subsample"": 0.6975754647041477, ""u"": 0.1292379442030812}",COMPLETE
34,0.7945091135643956,2026-10-05 13:37:10.368781,2026-10-05 13:37:29.933634,0 days 00:00:19.564853,0.9913793844702743,0.020072628357887395,6,1.2470587012276086,700,1.5099251193144076,0.7053967902476429,0.3031257980678582,"[0.8693161776705528, 0.815466138332509, 0.7515410204358866, 0.7297818610226361, 0.8064403703603934]",0.0494237247984225,,"{""colsample_bytree"": 0.9913793844702743, ""learning_rate"": 0.020072628357887395, ""max_depth"": 6, ""min_child_weight"": 1.2470587012276086, ""n_estimators"": 700, ""reg_lambda"": 1.5099251193144076, ""subsample"": 0.7053967902476429, ""u"": 0.3031257980678582}",COMPLETE
35,0.7952436347509984,2026-10-05 13:37:29.934632,2026-10-05 13:37:50.293740,0 days 00:00:20.359108,0.9249785730237485,0.018152402078552492,5,1.7303922456681422,800,3.6089013534928913,0.7440967897846666,0.2812683717829872,"[0.8712771165425546, 0.8225884442280811, 0.75052805744065, 0.7213155112102695, 0.8105090443334372]",0.053341750988987024,,"{""colsample_bytree"": 0.9249785730237485, ""learning_rate"": 0.018152402078552492, ""max_depth"": 5, ""min_child_weight"": 1.7303922456681422, ""n_estimators"": 800, ""reg_lambda"": 3.6089013534928913, ""subsample"": 0.7440967897846666, ""u"": 0.2812683717829872}",COMPLETE
36,0.8000386618073492,2026-10-05 13:37:50.294739,2026-10-05 13:38:10.023449,0 days 00:00:19.728710,0.8138159136151693,0.014019211593679177,6,1.752487585862625,700,3.107008766695085,0.713079166249201,0.10469811561333289,"[0.8754520981058475, 0.8267259977341668, 0.7515621149947322, 0.7379971027287309, 0.8084559954732684]",0.05033762494008514,,"{""colsample_bytree"": 0.8138159136151693, ""learning_rate"": 0.014019211593679177, ""max_depth"": 6, ""min_child_weight"": 1.752487585862625, ""n_estimators"": 700, ""reg_lambda"": 3.107008766695085, ""subsample"": 0.713079166249201, ""u"": 0.10469811561333289}",COMPLETE
37,0.7988081159520664,2026-10-05 13:38:10.024447,2026-10-05 13:38:24.488215,0 days 00:00:14.463768,0.8886598124779579,0.0136471240954882,7,1.1275253275267907,550,2.265189716159766,0.8271318448333849,0.03188600803042798,"[0.8774757529869477, 0.8226141100554232, 0.7511912948827736, 0.7399550792635722, 0.8028043425716151]",0.05000466753273732,,"{""colsample_bytree"": 0.8886598124779579, ""learning_rate"": 0.0136471240954882, ""max_depth"": 7, ""min_child_weight"": 1.1275253275267907, ""n_estimators"": 550, ""reg_lambda"": 2.265189716159766, ""subsample"": 0.8271318448333849, ""u"": 0.03188600803042798}",COMPLETE
