number,value,datetime_start,datetime_complete,duration,params_colsample_bytree,params_learning_rate,params_max_depth,params_min_child_weight,params_n_estimators,params_reg_lambda,params_subsample,params_u,user_attrs_cv_scores,user_attrs_cv_std,system_attrs_fixed_params,system_attrs_tpe:relative_params:0,state
0,0.8468930191705905,2026-10-05 13:03:53.564685,2026-10-05 13:04:15.670758,0 days 00:00:22.106073,0.8,0.05,5,1.0,400,1.0,0.8,1.0,"[0.7140905085702173, 0.8776460604675727, 0.8925951494737597, 0.8601939176178891, 0.889939459723514]",0.06738078513761281,"{'n_estimators': 400, 'max_depth': 5, 'learning_rate': 0.05, 'subsample': 0.8, 'colsample_bytree': 0.8, 'min_child_weight': 1.0, 'reg_lambda': 1.0, 'u': 1.0}",,COMPLETE
1,0.8416853132225729,2026-10-05 13:04:15.671756,2026-10-05 13:04:33.558420,0 days 00:00:17.886664,0.8,0.05,5,1.0,400,1.0,0.8,0.0,"[0.6995428361788233, 0.8722665504722245, 0.8964214427087953, 0.8561004920494076, 0.8840952447036138]",0.07230786871678777,"{'n_estimators': 400, 'max_depth': 5, 'learning_rate': 0.05, 'subsample': 0.8, 'colsample_bytree': 0.8, 'min_child_weight': 1.0, 'reg_lambda': 1.0, 'u': 0.0}",,COMPLETE
2,0.8452684558856325,2026-10-05 13:04:33.558420,2026-10-05 13:04:50.753091,0 days 00:00:17.194671,0.5780093202212182,0.1205712628744377,8,1.5957084694148351,450,0.13066739238053282,0.7993292420985183,0.8661761457749352,"[0.7145044802429245, 0.8774405226974897, 0.9052318192168065, 0.856692914052742, 0.8724725432181997]",0.06723160679744268,,,COMPLETE
3,0.8278328212598499,2026-10-05 13:04:50.753091,2026-10-05 13:05:19.955866,0 days 00:00:29.202775,0.9162213204002109,0.010725209743171996,6,1.8891200276189386,650,0.23102018878452935,0.9849549260809971,0.18340450985343382,"[0.6799079572866655, 0.8579376104651064, 0.8855763124203798, 0.8543407344212948, 0.8614014917058034]",0.07476884321917514,,,COMPLETE
4,0.8443412789147582,2026-10-05 13:05:19.956865,2026-10-05 13:05:37.479410,0 days 00:00:17.522545,0.8059264473611898,0.04345454109729477,5,1.5187479226722465,350,0.3839629299804172,0.645614570099021,0.3663618432936917,"[0.703604169290972, 0.8664916872179516, 0.9008594536595239, 0.8597783772270505, 0.8909727071782927]",0.0719787090686353,,,COMPLETE
5,0.842163497888353,2026-10-05 13:05:37.480412,2026-10-05 13:06:05.545744,0 days 00:00:28.065332,0.7962072844310213,0.019721610970574007,7,1.149299930022141,500,1.6409286730647923,0.7571172192068059,0.17052412368729153,"[0.7055193152000266, 0.8683508384343921, 0.8924556597002636, 0.8649400170040138, 0.8795516591030683]",0.06899761652288279,,,COMPLETE
6,0.8419631787433774,2026-10-05 13:06:05.546747,2026-10-05 13:06:13.416825,0 days 00:00:07.870078,0.6523068845866853,0.26690431824362526,8,1.3399060561509786,150,2.3359635026261603,0.9041986740582306,0.4401524937396013,"[0.7140384717260785, 0.8713694649114844, 0.9031023688192384, 0.8464338343544061, 0.8748717539056793]",0.06643857610695751,,,COMPLETE
7,0.8038613602580499,2026-10-05 13:06:13.416825,2026-10-05 13:06:23.116863,0 days 00:00:09.700038,0.6293899908000085,0.011240768803005551,5,7.277150634170934,200,0.420167205437253,0.954660201039391,0.5200680211778108,"[0.6560341809884186, 0.8429226151745622, 0.8317352373291819, 0.8419074642199859, 0.8467073035781006]",0.07407953897684905,,,COMPLETE
8,0.8349719453516162,2026-10-05 13:06:23.117866,2026-10-05 13:06:47.163553,0 days 00:00:24.045687,0.9697494707820946,0.27051668818999286,3,14.594768942966839,600,1.5696396388661147,0.8875664116805573,0.9218742350231168,"[0.7013791373689312, 0.8714920015463439, 0.8775143530190322, 0.8493920479077478, 0.8750821869160259]",0.06753870021756399,,,COMPLETE
9,0.7333979184942852,2026-10-05 13:06:47.164560,2026-10-05 13:06:54.062596,0 days 00:00:06.898036,0.6943386448447411,0.011662890273931383,3,2.2544116997360484,150,4.544383960336017,0.6626651653816322,0.3567533266935893,"[0.6213798874784219, 0.8278910214684524, 0.6950570333321574, 0.7640753170710568, 0.7585863331213367]",0.07003223296773468,,,COMPLETE
10,0.8429066264704345,2026-10-05 13:06:54.063593,2026-10-05 13:07:24.223563,0 days 00:00:30.159970,0.8123431476376624,0.0708892482778851,4,2.26083347412009,800,5.85967468093246,0.8290470175865793,0.9032376051672414,"[0.7196535586928526, 0.8756534715940542, 0.895161762966141, 0.840381717416096, 0.8836826216830279]",0.06428581620175723,,"{""colsample_bytree"": 0.8123431476376624, ""learning_rate"": 0.0708892482778851, ""max_depth"": 4, ""min_child_weight"": 2.26083347412009, ""n_estimators"": 800, ""reg_lambda"": 5.85967468093246, ""subsample"": 0.8290470175865793, ""u"": 0.9032376051672414}",COMPLETE
11,0.8425302162356821,2026-10-05 13:07:24.224561,2026-10-05 13:07:47.164660,0 days 00:00:22.940099,0.9018852789301226,0.06680089676952443,6,1.3031110582336165,450,0.2935378463741806,0.8895194882871146,0.8052215397905464,"[0.7149274009483427, 0.8727731811428232, 0.9002882498232124, 0.8444457607060752, 0.8802164885579572]",0.06626768484215279,,"{""colsample_bytree"": 0.9018852789301226, ""learning_rate"": 0.06680089676952443, ""max_depth"": 6, ""min_child_weight"": 1.3031110582336165, ""n_estimators"": 450, ""reg_lambda"": 0.2935378463741806, ""subsample"": 0.8895194882871146, ""u"": 0.8052215397905464}",COMPLETE
12,0.8412224294803602,2026-10-05 13:07:47.165660,2026-10-05 13:08:08.376759,0 days 00:00:21.211099,0.5040775858730189,0.13047520028330747,7,1.095254939471744,500,0.14960437541541266,0.6784136503620081,0.8253980223071641,"[0.7189020953673764, 0.870756295760171, 0.8934007524231694, 0.8384026382827787, 0.8846503655683058]",0.06395471465861836,,"{""colsample_bytree"": 0.5040775858730189, ""learning_rate"": 0.13047520028330747, ""max_depth"": 7, ""min_child_weight"": 1.095254939471744, ""n_estimators"": 500, ""reg_lambda"": 0.14960437541541266, ""subsample"": 0.6784136503620081, ""u"": 0.8253980223071641}",COMPLETE
13,0.8464560498117963,2026-10-05 13:08:08.376759,2026-10-05 13:08:27.517819,0 days 00:00:19.141060,0.7417683467744098,0.185935841495882,8,3.4522207479032625,550,0.5987808151754597,0.7455725659817948,0.8836562156877655,"[0.7186534563063376, 0.8727165288768831, 0.8936833486707907, 0.8518829880154671, 0.8953439271895033]",0.06583769382007594,,"{""colsample_bytree"": 0.7417683467744098, ""learning_rate"": 0.185935841495882, ""max_depth"": 8, ""min_child_weight"": 3.4522207479032625, ""n_estimators"": 550, ""reg_lambda"": 0.5987808151754597, ""subsample"": 0.7455725659817948, ""u"": 0.8836562156877655}",COMPLETE
14,0.8482885387096315,2026-10-05 13:08:27.517819,2026-10-05 13:08:54.993259,0 days 00:00:27.475440,0.719340440729757,0.027957739416488905,6,1.1218993173370095,650,1.3067851249449944,0.7473537996425788,0.9843121144625174,"[0.7151248704770097, 0.8774219589646107, 0.8977057611148338, 0.8579011018630988, 0.8932890011286048]",0.06803061600701123,,"{""colsample_bytree"": 0.719340440729757, ""learning_rate"": 0.027957739416488905, ""max_depth"": 6, ""min_child_weight"": 1.1218993173370095, ""n_estimators"": 650, ""reg_lambda"": 1.3067851249449944, ""subsample"": 0.7473537996425788, ""u"": 0.9843121144625174}",COMPLETE
15,0.8370259858590419,2026-10-05 13:08:54.994259,2026-10-05 13:09:04.890848,0 days 00:00:09.896589,0.6925923378061396,0.049992994367935736,6,2.5707517496862398,200,0.9473350762600643,0.8456496294418344,0.8174917000100868,"[0.6985250434587505, 0.873521381691621, 0.8856923002146111, 0.8566407416617877, 0.8707504622684394]",0.06986403090287575,,"{""colsample_bytree"": 0.6925923378061396, ""learning_rate"": 0.049992994367935736, ""max_depth"": 6, ""min_child_weight"": 2.5707517496862398, ""n_estimators"": 200, ""reg_lambda"": 0.9473350762600643, ""subsample"": 0.8456496294418344, ""u"": 0.8174917000100868}",COMPLETE
16,0.8421727027656771,2026-10-05 13:09:04.891859,2026-10-05 13:09:33.760349,0 days 00:00:28.868490,0.7320579645128431,0.016025057544344794,5,1.2011646070791753,750,1.9559117928834107,0.6857350180861629,0.757051269351713,"[0.6953796378930802, 0.871298713489246, 0.8986655271588134, 0.8576982057459104, 0.8878214295413359]",0.07471655118151749,,"{""colsample_bytree"": 0.7320579645128431, ""learning_rate"": 0.016025057544344794, ""max_depth"": 5, ""min_child_weight"": 1.2011646070791753, ""n_estimators"": 750, ""reg_lambda"": 1.9559117928834107, ""subsample"": 0.6857350180861629, ""u"": 0.757051269351713}",COMPLETE
17,0.8486550716889809,2026-10-05 13:09:33.760349,2026-10-05 13:09:55.969525,0 days 00:00:22.209176,0.7891750814766518,0.06524905218280226,6,1.8077918770997947,550,1.6611369222762145,0.6180170414450593,0.8710871289951638,"[0.7222285334806358, 0.8762474396890451, 0.8936167320480313, 0.8624691447441661, 0.888713508483026]",0.06412810025284738,,"{""colsample_bytree"": 0.7891750814766518, ""learning_rate"": 0.06524905218280226, ""max_depth"": 6, ""min_child_weight"": 1.8077918770997947, ""n_estimators"": 550, ""reg_lambda"": 1.6611369222762145, ""subsample"": 0.6180170414450593, ""u"": 0.8710871289951638}",COMPLETE
18,0.847364098489316,2026-10-05 13:09:55.969525,2026-10-05 13:10:23.082300,0 days 00:00:27.112775,0.7801298352679867,0.08038026203293076,7,2.8591195984754094,700,3.223101116358402,0.6120537315349724,0.8021922070882779,"[0.7169990689403088, 0.8770982186923393, 0.8996779340493213, 0.8571374695131235, 0.8859078012514879]",0.06662887066182088,,"{""colsample_bytree"": 0.7801298352679867, ""learning_rate"": 0.08038026203293076, ""max_depth"": 7, ""min_child_weight"": 2.8591195984754094, ""n_estimators"": 700, ""reg_lambda"": 3.223101116358402, ""subsample"": 0.6120537315349724, ""u"": 0.8021922070882779}",COMPLETE
19,0.8469363381815928,2026-10-05 13:10:23.083297,2026-10-05 13:10:52.910381,0 days 00:00:29.827084,0.6650369318736935,0.05309185015141683,5,2.0827652571855606,650,0.6196291272783321,0.7903927614620567,0.8848537673250441,"[0.7220637637488374, 0.8736425643557328, 0.8974533298100117, 0.8508477241933023, 0.8906743088000796]",0.06447737249527202,,"{""colsample_bytree"": 0.6650369318736935, ""learning_rate"": 0.05309185015141683, ""max_depth"": 5, ""min_child_weight"": 2.0827652571855606, ""n_estimators"": 650, ""reg_lambda"": 0.6196291272783321, ""subsample"": 0.7903927614620567, ""u"": 0.8848537673250441}",COMPLETE
20,0.8459667517742983,2026-10-05 13:10:52.910381,2026-10-05 13:11:32.490795,0 days 00:00:39.580414,0.8001680487847755,0.02137431290047721,7,2.487110576599464,800,3.3641678469650915,0.7767603966977772,0.8970881510229102,"[0.7095965583980749, 0.877956505098202, 0.8974234713287678, 0.8558044021325358, 0.8890528219139106]",0.06960051257159909,,"{""colsample_bytree"": 0.8001680487847755, ""learning_rate"": 0.02137431290047721, ""max_depth"": 7, ""min_child_weight"": 2.487110576599464, ""n_estimators"": 800, ""reg_lambda"": 3.3641678469650915, ""subsample"": 0.7767603966977772, ""u"": 0.8970881510229102}",COMPLETE
21,0.8488367187238703,2026-10-05 13:11:32.491793,2026-10-05 13:11:58.456008,0 days 00:00:25.964215,0.7582751013671793,0.07101882489221847,6,2.296316417881759,550,2.855356820046308,0.7416354051193585,0.8377324845498703,"[0.7277719919131874, 0.8757918949564799, 0.9041765896581524, 0.8515230165575912, 0.8849201005339402]",0.06285694481503544,,"{""colsample_bytree"": 0.7582751013671793, ""learning_rate"": 0.07101882489221847, ""max_depth"": 6, ""min_child_weight"": 2.296316417881759, ""n_estimators"": 550, ""reg_lambda"": 2.855356820046308, ""subsample"": 0.7416354051193585, ""u"": 0.8377324845498703}",COMPLETE
22,0.8500908960130594,2026-10-05 13:11:58.457005,2026-10-05 13:12:36.630987,0 days 00:00:38.173982,0.7631755772099899,0.04299780633292861,6,1.2601355573033872,650,0.7816499630436717,0.6678412425580483,0.9893672048739993,"[0.7205711369373593, 0.8780344816272212, 0.9013772233764764, 0.8614519292902084, 0.8890197088340318]",0.06607726520855076,,"{""colsample_bytree"": 0.7631755772099899, ""learning_rate"": 0.04299780633292861, ""max_depth"": 6, ""min_child_weight"": 1.2601355573033872, ""n_estimators"": 650, ""reg_lambda"": 0.7816499630436717, ""subsample"": 0.6678412425580483, ""u"": 0.9893672048739993}",COMPLETE
23,0.844389542280739,2026-10-05 13:12:36.630987,2026-10-05 13:13:01.405434,0 days 00:00:24.774447,0.840873195714671,0.10045052559463324,5,1.5241992855467112,550,1.3687311346818327,0.589757620415958,0.8979571061743562,"[0.7171186911900023, 0.8715890120117219, 0.8963989573581775, 0.8535143885266968, 0.8833266623170962]",0.06517978533785225,,"{""colsample_bytree"": 0.840873195714671, ""learning_rate"": 0.10045052559463324, ""max_depth"": 5, ""min_child_weight"": 1.5241992855467112, ""n_estimators"": 550, ""reg_lambda"": 1.3687311346818327, ""subsample"": 0.589757620415958, ""u"": 0.8979571061743562}",COMPLETE
24,0.8476037703909192,2026-10-05 13:13:01.406444,2026-10-05 13:13:27.345288,0 days 00:00:25.938844,0.7583907882128675,0.09145395495264805,6,1.5827437383010727,700,0.4432323552784485,0.6749816154193847,0.9291776013509828,"[0.7260988379556331, 0.8742347887058735, 0.8992575483994453, 0.850296616815098, 0.888131060078546]",0.06291340899432805,,"{""colsample_bytree"": 0.7583907882128675, ""learning_rate"": 0.09145395495264805, ""max_depth"": 6, ""min_child_weight"": 1.5827437383010727, ""n_estimators"": 700, ""reg_lambda"": 0.4432323552784485, ""subsample"": 0.6749816154193847, ""u"": 0.9291776013509828}",COMPLETE
25,0.8472241461480428,2026-10-05 13:13:27.346289,2026-10-05 13:13:47.920642,0 days 00:00:20.574353,0.7789224396608061,0.051764837107311605,5,2.6838153365718234,500,2.915155358714824,0.7357677384374149,0.8719109678799691,"[0.718601285185857, 0.8761027946975767, 0.8973248377286115, 0.8581353677732487, 0.8859564453549199]",0.06558527542093875,,"{""colsample_bytree"": 0.7789224396608061, ""learning_rate"": 0.051764837107311605, ""max_depth"": 5, ""min_child_weight"": 2.6838153365718234, ""n_estimators"": 500, ""reg_lambda"": 2.915155358714824, ""subsample"": 0.7357677384374149, ""u"": 0.8719109678799691}",COMPLETE
26,0.84906499659239,2026-10-05 13:13:47.921642,2026-10-05 13:14:15.397353,0 days 00:00:27.475711,0.7806361933303934,0.053629200756831835,6,1.6634272205241798,650,0.9298393362874515,0.614676973817931,0.9998842704306689,"[0.7135882638641536, 0.8790950088277998, 0.892621289171162, 0.8666952603094443, 0.893325160789391]",0.06844367860111378,,"{""colsample_bytree"": 0.7806361933303934, ""learning_rate"": 0.053629200756831835, ""max_depth"": 6, ""min_child_weight"": 1.6634272205241798, ""n_estimators"": 650, ""reg_lambda"": 0.9298393362874515, ""subsample"": 0.614676973817931, ""u"": 0.9998842704306689}",COMPLETE
27,0.8449076797282993,2026-10-05 13:14:15.398351,2026-10-05 13:14:36.990628,0 days 00:00:21.592277,0.748384781163283,0.0694148581771712,6,1.2401924914070945,500,3.0848175618727485,0.6431553073731215,0.9781506045946914,"[0.7244631334385367, 0.8753633853107272, 0.8990791367588141, 0.8506486527132875, 0.8749840904201306]",0.06213941541597775,,"{""colsample_bytree"": 0.748384781163283, ""learning_rate"": 0.0694148581771712, ""max_depth"": 6, ""min_child_weight"": 1.2401924914070945, ""n_estimators"": 500, ""reg_lambda"": 3.0848175618727485, ""subsample"": 0.6431553073731215, ""u"": 0.9781506045946914}",COMPLETE
28,0.8505292382778334,2026-10-05 13:14:36.991627,2026-10-05 13:15:08.054731,0 days 00:00:31.063104,0.6872960941427786,0.038005768570750886,7,1.3067113656762905,600,0.8988767305752348,0.6181329616991236,0.8364363842796292,"[0.7153187340294621, 0.8782529976861629, 0.9027832068012572, 0.8653765548733133, 0.8909146979989716]",0.06874938936201663,,"{""colsample_bytree"": 0.6872960941427786, ""learning_rate"": 0.038005768570750886, ""max_depth"": 7, ""min_child_weight"": 1.3067113656762905, ""n_estimators"": 600, ""reg_lambda"": 0.8988767305752348, ""subsample"": 0.6181329616991236, ""u"": 0.8364363842796292}",COMPLETE
29,0.848068484062311,2026-10-05 13:15:08.055731,2026-10-05 13:15:32.007619,0 days 00:00:23.951888,0.7243037873607696,0.07779180600136873,7,1.6443109272098393,450,0.9154377282105189,0.597087100078186,0.968410740466893,"[0.7209765205670151, 0.8760992190867788, 0.8958288710801494, 0.8636749369080262, 0.8837628726695844]",0.06439999162681287,,"{""colsample_bytree"": 0.7243037873607696, ""learning_rate"": 0.07779180600136873, ""max_depth"": 7, ""min_child_weight"": 1.6443109272098393, ""n_estimators"": 450, ""reg_lambda"": 0.9154377282105189, ""subsample"": 0.597087100078186, ""u"": 0.968410740466893}",COMPLETE
30,0.8475468935455254,2026-10-05 13:15:32.008618,2026-10-05 13:16:09.996795,0 days 00:00:37.988177,0.7888623345683713,0.0439260809949645,5,1.1043344263984265,700,0.7621140414116784,0.6542641590693753,0.8908358864600657,"[0.7149350372373794, 0.8767226120976935, 0.8981856735878468, 0.859165407711028, 0.8887257370936785]",0.06757529142827215,,"{""colsample_bytree"": 0.7888623345683713, ""learning_rate"": 0.0439260809949645, ""max_depth"": 5, ""min_child_weight"": 1.1043344263984265, ""n_estimators"": 700, ""reg_lambda"": 0.7621140414116784, ""subsample"": 0.6542641590693753, ""u"": 0.8908358864600657}",COMPLETE
31,0.8458482953493679,2026-10-05 13:16:09.997798,2026-10-05 13:16:48.673157,0 days 00:00:38.675359,0.72599941738474,0.047169125265145724,8,1.134768855546732,750,0.6802210591995916,0.5913448767143813,0.8447652609053778,"[0.7187352647893538, 0.8757500315929554, 0.8967111864654927, 0.8584701022408338, 0.8795748916582043]",0.06470805725565805,,"{""colsample_bytree"": 0.72599941738474, ""learning_rate"": 0.047169125265145724, ""max_depth"": 8, ""min_child_weight"": 1.134768855546732, ""n_estimators"": 750, ""reg_lambda"": 0.6802210591995916, ""subsample"": 0.5913448767143813, ""u"": 0.8447652609053778}",COMPLETE
32,0.8520485693556543,2026-10-05 13:16:48.673157,2026-10-05 13:17:26.024086,0 days 00:00:37.350929,0.6162964308980763,0.040740073908212014,7,1.369110516403019,700,0.8725271507530034,0.5780186014130883,0.9272716828723924,"[0.7154996833288628, 0.8759393144324789, 0.9078026983558014, 0.8703171598145956, 0.8906839908465327]",0.06950010944909785,,"{""colsample_bytree"": 0.6162964308980763, ""learning_rate"": 0.040740073908212014, ""max_depth"": 7, ""min_child_weight"": 1.369110516403019, ""n_estimators"": 700, ""reg_lambda"": 0.8725271507530034, ""subsample"": 0.5780186014130883, ""u"": 0.9272716828723924}",COMPLETE
33,0.8474518256295074,2026-10-05 13:17:26.024086,2026-10-05 13:18:00.120055,0 days 00:00:34.095969,0.684945664333926,0.030624900387648948,7,1.595045553615145,700,0.9554552233059886,0.5633642604495706,0.8389742307349748,"[0.710432123101836, 0.8739752856514497, 0.9019607426544051, 0.8611702105007549, 0.8897207662390916]",0.06989130456826019,,"{""colsample_bytree"": 0.684945664333926, ""learning_rate"": 0.030624900387648948, ""max_depth"": 7, ""min_child_weight"": 1.595045553615145, ""n_estimators"": 700, ""reg_lambda"": 0.9554552233059886, ""subsample"": 0.5633642604495706, ""u"": 0.8389742307349748}",COMPLETE
34,0.8498967660547694,2026-10-05 13:18:00.121054,2026-10-05 13:18:28.972361,0 days 00:00:28.851307,0.5857403056112125,0.056592913929914085,8,1.0439647432213073,600,1.7142193586328065,0.5990895874266114,0.8772198325722611,"[0.7145681728689949, 0.8755285891986085, 0.903569678734837, 0.8606169342788035, 0.8952004551926024]",0.06930937354085528,,"{""colsample_bytree"": 0.5857403056112125, ""learning_rate"": 0.056592913929914085, ""max_depth"": 8, ""min_child_weight"": 1.0439647432213073, ""n_estimators"": 600, ""reg_lambda"": 1.7142193586328065, ""subsample"": 0.5990895874266114, ""u"": 0.8772198325722611}",COMPLETE
35,0.8492609283300026,2026-10-05 13:18:28.973358,2026-10-05 13:19:06.502274,0 days 00:00:37.528916,0.6486666035748686,0.031118892301518156,6,1.8823196022041346,850,1.3818940948629779,0.600901819107518,0.9528326659097804,"[0.7139253372576309, 0.8782366702971973, 0.8988926950877648, 0.8609486116790389, 0.8943013273283801]",0.06896936651725166,,"{""colsample_bytree"": 0.6486666035748686, ""learning_rate"": 0.031118892301518156, ""max_depth"": 6, ""min_child_weight"": 1.8823196022041346, ""n_estimators"": 850, ""reg_lambda"": 1.3818940948629779, ""subsample"": 0.600901819107518, ""u"": 0.9528326659097804}",COMPLETE
36,0.8491390054856254,2026-10-05 13:19:06.502274,2026-10-05 13:19:40.670774,0 days 00:00:34.168500,0.5602290731496016,0.022631957223026057,7,1.9080057872915233,750,1.1791943117776262,0.5752709755848903,0.8105003759820903,"[0.7141684730892296, 0.8759689225678282, 0.8975487606619262, 0.861526531952736, 0.8964823391564064]",0.06881167853972182,,"{""colsample_bytree"": 0.5602290731496016, ""learning_rate"": 0.022631957223026057, ""max_depth"": 7, ""min_child_weight"": 1.9080057872915233, ""n_estimators"": 750, ""reg_lambda"": 1.1791943117776262, ""subsample"": 0.5752709755848903, ""u"": 0.8105003759820903}",COMPLETE
37,0.8466568961125989,2026-10-05 13:19:40.671771,2026-10-05 13:20:16.737964,0 days 00:00:36.066193,0.5995097790420393,0.04730474278467493,8,1.1129373814476007,850,0.7682742005598476,0.5303764834905562,0.8304036177789493,"[0.71353713593287, 0.8763238744136821, 0.8949820689902568, 0.8605054990086071, 0.8879359022175785]",0.06757523604497027,,"{""colsample_bytree"": 0.5995097790420393, ""learning_rate"": 0.04730474278467493, ""max_depth"": 8, ""min_child_weight"": 1.1129373814476007, ""n_estimators"": 850, ""reg_lambda"": 0.7682742005598476, ""subsample"": 0.5303764834905562, ""u"": 0.8304036177789493}",COMPLETE
