number,value,datetime_start,datetime_complete,duration,params_C,params_class_weight,user_attrs_cv_scores,user_attrs_cv_std,system_attrs_fixed_params,system_attrs_tpe:relative_params:0,state
0,0.7305566363813132,2026-10-05 13:27:38.060111,2026-10-05 13:27:42.264514,0 days 00:00:04.204403,1.0,balanced,"[0.6440969252369496, 0.7578545501834592, 0.7161561750237372, 0.7338412246569175, 0.8008343068055025]",0.0517253719499791,"{'C': 1.0, 'class_weight': 'balanced'}",,COMPLETE
1,0.7247461316271318,2026-10-05 13:27:42.265514,2026-10-05 13:27:45.235194,0 days 00:00:02.969680,0.017670169402947963,balanced,"[0.649734254720936, 0.7792582461484432, 0.6826378513063643, 0.7119471318881878, 0.8001531740717271]",0.056958750026147274,,,COMPLETE
2,0.7288717594836928,2026-10-05 13:27:45.235194,2026-10-05 13:27:49.479119,0 days 00:00:04.243925,0.39079671568228835,balanced,"[0.6450553618567316, 0.7555734237286286, 0.7157341057735221, 0.7291990021718814, 0.7987969038877]",0.0505972296421785,,,COMPLETE
3,0.6885155217602961,2026-10-05 13:27:49.480117,2026-10-05 13:27:51.550321,0 days 00:00:02.070204,0.00022310108018679258,balanced,"[0.6192791589569963, 0.7088972838265903, 0.6818236337773194, 0.6970037042802373, 0.735573827960337]",0.03883401846021744,,,COMPLETE
4,0.7331695651392195,2026-10-05 13:27:51.550321,2026-10-05 13:27:53.631823,0 days 00:00:02.081502,1.7718847354806828,,"[0.6341691887618418, 0.7964345960662551, 0.7000362138634814, 0.7416756961016263, 0.793532130902893]",0.06102024457070964,,,COMPLETE
5,0.7312833943064134,2026-10-05 13:27:53.631823,2026-10-05 13:27:57.392397,0 days 00:00:03.760574,9.877700294007917,balanced,"[0.6441590733260558, 0.758887475168549, 0.7182950806675871, 0.7361793882419967, 0.7988959541278784]",0.05121866433233235,,,COMPLETE
6,0.7407666553742078,2026-10-05 13:27:57.392397,2026-10-05 13:27:58.955872,0 days 00:00:01.563475,0.0012601639723276807,,"[0.6575849603988801, 0.8093327092660223, 0.6958751240985103, 0.7349418841289866, 0.8060985989786402]",0.05989647488914933,,,COMPLETE
7,0.7372194726951398,2026-10-05 13:27:58.955872,2026-10-05 13:28:00.829961,0 days 00:00:01.874089,0.039054412752107935,,"[0.6417233220251957, 0.79669362060028, 0.703904676865278, 0.7474271850010819, 0.7963485589838631]",0.05893557655417433,,,COMPLETE
8,0.7426513900730539,2026-10-05 13:28:00.830961,2026-10-05 13:28:02.424898,0 days 00:00:01.593937,0.0006870101665590031,,"[0.6655971848862506, 0.811862143986152, 0.6889692092781705, 0.7345501357460587, 0.8122782764686373]",0.06086507892034328,,,COMPLETE
9,0.7263551581327219,2026-10-05 13:28:02.424898,2026-10-05 13:28:05.869811,0 days 00:00:03.444913,0.054502936945582565,balanced,"[0.639582531517032, 0.7850286046048616, 0.7029099631609691, 0.7107753192119431, 0.7934793721688036]",0.05704407192465768,,,COMPLETE
10,0.7338681696215075,2026-10-05 13:28:05.869811,2026-10-05 13:28:07.997779,0 days 00:00:02.127968,77.21421085614125,,"[0.6341352432455974, 0.7966428723520564, 0.6988577510493049, 0.7420890384509461, 0.797615943009633]",0.06203935946037314,,"{""C"": 77.21421085614125, ""class_weight"": null}",COMPLETE
11,0.7409001254449648,2026-10-05 13:28:07.997779,2026-10-05 13:28:09.590167,0 days 00:00:01.592388,0.0002594621031297969,,"[0.6623985533507338, 0.8099847494732797, 0.6892186229608664, 0.7315126410443403, 0.8113860603956032]",0.06109427417794704,,"{""C"": 0.0002594621031297969, ""class_weight"": null}",COMPLETE
12,0.7385724491348511,2026-10-05 13:28:09.591675,2026-10-05 13:28:11.262678,0 days 00:00:01.671003,0.00010280636449681812,,"[0.6614641265557719, 0.8062230333429979, 0.6884708187267622, 0.7277904011901754, 0.8089138658585479]",0.060160844057891495,,"{""C"": 0.00010280636449681812, ""class_weight"": null}",COMPLETE
13,0.7404435613517809,2026-10-05 13:28:11.263675,2026-10-05 13:28:12.947101,0 days 00:00:01.683426,0.0015332771466169226,,"[0.6535398751684233, 0.8099444166895586, 0.6963010907795524, 0.7359591743335853, 0.8064732497877852]",0.06117386166500042,,"{""C"": 0.0015332771466169226, ""class_weight"": null}",COMPLETE
14,0.7383704349068447,2026-10-05 13:28:12.947101,2026-10-05 13:28:14.724060,0 days 00:00:01.776959,0.002078246886991561,,"[0.6478494557680541, 0.8069841151667068, 0.7007285610391343, 0.7347983965766943, 0.8014916459836342]",0.06052411452793547,,"{""C"": 0.002078246886991561, ""class_weight"": null}",COMPLETE
15,0.7354929687255257,2026-10-05 13:28:14.724060,2026-10-05 13:28:16.588310,0 days 00:00:01.864250,0.008499405563182393,,"[0.6403172031304435, 0.796537479232773, 0.7050219936568771, 0.7410071438085132, 0.794581023799022]",0.05871140148306464,,"{""C"": 0.008499405563182393, ""class_weight"": null}",COMPLETE
16,0.7427771664436396,2026-10-05 13:28:16.588310,2026-10-05 13:28:18.225294,0 days 00:00:01.636984,0.0006206814759358032,,"[0.6656428925412682, 0.8120514633166308, 0.6882716859444885, 0.7336062770178405, 0.8143135133979695]",0.06151589383332932,,"{""C"": 0.0006206814759358032, ""class_weight"": null}",COMPLETE
17,0.7181045269805969,2026-10-05 13:28:18.225294,2026-10-05 13:28:20.707956,0 days 00:00:02.482662,0.0021156484575377216,balanced,"[0.629332190089468, 0.7413492234848501, 0.7086733152810242, 0.7219370419203684, 0.7892308641272738]",0.052121848534900254,,"{""C"": 0.0021156484575377216, ""class_weight"": ""balanced""}",COMPLETE
18,0.7358512859035171,2026-10-05 13:28:20.707956,2026-10-05 13:28:22.603376,0 days 00:00:01.895420,0.011183661382438075,,"[0.6399972706882755, 0.7983937532482612, 0.703550662298694, 0.7417854115860778, 0.795529331696277]",0.059564361386607326,,"{""C"": 0.011183661382438075, ""class_weight"": null}",COMPLETE
19,0.736342657618249,2026-10-05 13:28:22.603376,2026-10-05 13:28:24.557841,0 days 00:00:01.954465,0.198725228582056,,"[0.6392688626536307, 0.8007694495350235, 0.7062349931766415, 0.7444208352250055, 0.7910191475009437]",0.0592205709918222,,"{""C"": 0.198725228582056, ""class_weight"": null}",COMPLETE
20,0.7423794125016905,2026-10-05 13:28:24.558848,2026-10-05 13:28:26.229101,0 days 00:00:01.670253,0.000450948229007698,,"[0.6641896243493066, 0.8117308684431004, 0.6907519485384087, 0.7317054147914533, 0.813519206386183]",0.06125923105758702,,"{""C"": 0.000450948229007698, ""class_weight"": null}",COMPLETE
21,0.7417035753527257,2026-10-05 13:28:26.230102,2026-10-05 13:28:27.879527,0 days 00:00:01.649425,0.000333113263832186,,"[0.6633584991272444, 0.8110129216069764, 0.6887916384270287, 0.7326680396359935, 0.8126867779663853]",0.061419321837964336,,"{""C"": 0.000333113263832186, ""class_weight"": null}",COMPLETE
22,0.7420128540568194,2026-10-05 13:28:27.880529,2026-10-05 13:28:29.554888,0 days 00:00:01.674359,0.0004819512017035173,,"[0.664461136296407, 0.8113377712172218, 0.6891000634749498, 0.7316490674462008, 0.8135162318493178]",0.06138422856515392,,"{""C"": 0.0004819512017035173, ""class_weight"": null}",COMPLETE
23,0.7344557637438273,2026-10-05 13:28:29.555418,2026-10-05 13:28:31.352127,0 days 00:00:01.796709,0.005014030400512462,,"[0.6412127443869474, 0.7994642428908916, 0.7006220786624759, 0.7382767453626803, 0.7927030074161415]",0.059114165073930275,,"{""C"": 0.005014030400512462, ""class_weight"": null}",COMPLETE
24,0.7421593645687519,2026-10-05 13:28:31.352127,2026-10-05 13:28:33.041020,0 days 00:00:01.688893,0.0008246227431651086,,"[0.6632159262888565, 0.8105066080719686, 0.6919339940658512, 0.733822422686974, 0.8113178717301087]",0.06046222572287739,,"{""C"": 0.0008246227431651086, ""class_weight"": null}",COMPLETE
25,0.7349121124991622,2026-10-05 13:28:33.041020,2026-10-05 13:28:34.920973,0 days 00:00:01.879953,0.003843500619698488,,"[0.6407757271216106, 0.8000946897404722, 0.7004969675626684, 0.7390420465304383, 0.7941511315406213]",0.059701168097227676,,"{""C"": 0.003843500619698488, ""class_weight"": null}",COMPLETE
26,0.7391311605006701,2026-10-05 13:28:34.920973,2026-10-05 13:28:36.719387,0 days 00:00:01.798414,0.00011322659111883699,,"[0.6612949982131949, 0.8075174023927223, 0.6880559092312302, 0.7288999255189083, 0.8098875671472946]",0.06075355920897373,,"{""C"": 0.00011322659111883699, ""class_weight"": null}",COMPLETE
27,0.6964587062475519,2026-10-05 13:28:36.720393,2026-10-05 13:28:39.245316,0 days 00:00:02.524923,0.0006901494797400636,balanced,"[0.6140855745559737, 0.7129952203954987, 0.6929367317750377, 0.7059502279668357, 0.7563257765444141]",0.04635805975125675,,"{""C"": 0.0006901494797400636, ""class_weight"": ""balanced""}",COMPLETE
28,0.7370888220265053,2026-10-05 13:28:39.245316,2026-10-05 13:28:41.164555,0 days 00:00:01.919239,0.03163675345114927,,"[0.639321990476897, 0.7966405486397331, 0.7044535187855786, 0.7492408477615211, 0.7957872044687969]",0.05960368502416503,,"{""C"": 0.03163675345114927, ""class_weight"": null}",COMPLETE
29,0.6928434710390213,2026-10-05 13:28:41.165554,2026-10-05 13:28:43.096007,0 days 00:00:01.930453,0.00010321191355496922,balanced,"[0.6233161735846213, 0.7240658496401331, 0.6786789424079397, 0.6968100437246705, 0.7413463458377423]",0.0409335521321457,,"{""C"": 0.00010321191355496922, ""class_weight"": ""balanced""}",COMPLETE
30,0.7371870380103533,2026-10-05 13:28:43.096007,2026-10-05 13:28:45.052440,0 days 00:00:01.956433,0.12879532634610788,,"[0.6395589119040092, 0.8024372401695534, 0.7074734965356906, 0.7447216585394102, 0.7917438829031033]",0.05950622533313247,,"{""C"": 0.12879532634610788, ""class_weight"": null}",COMPLETE
31,0.7429495029739481,2026-10-05 13:28:45.053438,2026-10-05 13:28:46.664745,0 days 00:00:01.611307,0.0007015419670329328,,"[0.6647731228713681, 0.8119108364037178, 0.6900578100403916, 0.734959744041273, 0.8130460015129901]",0.06106078684551771,,"{""C"": 0.0007015419670329328, ""class_weight"": null}",COMPLETE
32,0.7426909103637328,2026-10-05 13:28:46.664745,2026-10-05 13:28:48.339988,0 days 00:00:01.675243,0.0006143048779728736,,"[0.6656572556707608, 0.8115565004957341, 0.6882689377926323, 0.7336148546057029, 0.8143570032538341]",0.06141141297245969,,"{""C"": 0.0006143048779728736, ""class_weight"": null}",COMPLETE
33,0.735417952757587,2026-10-05 13:28:48.339988,2026-10-05 13:28:50.156679,0 days 00:00:01.816691,0.0033458850741836885,,"[0.6443572146647493, 0.8008451815132502, 0.6995874983807457, 0.7390731103019383, 0.793226758927252]",0.058671662654036165,,"{""C"": 0.0033458850741836885, ""class_weight"": null}",COMPLETE
34,0.7415708386179258,2026-10-05 13:28:50.157667,2026-10-05 13:28:51.795510,0 days 00:00:01.637843,0.0008628480299646142,,"[0.6625501164858704, 0.8093610721757846, 0.6915824210975906, 0.7341953686963676, 0.8101652146340164]",0.06016347422795419,,"{""C"": 0.0008628480299646142, ""class_weight"": null}",COMPLETE
35,0.7174865267393254,2026-10-05 13:28:51.796508,2026-10-05 13:28:54.423846,0 days 00:00:02.627338,0.007167062421904374,balanced,"[0.6314974739202576, 0.7720775942857053, 0.6745763270730908, 0.7153779032267269, 0.7939033351908468]",0.06009918801948055,,"{""C"": 0.007167062421904374, ""class_weight"": ""balanced""}",COMPLETE
36,0.7401223299804532,2026-10-05 13:28:54.423846,2026-10-05 13:28:55.919968,0 days 00:00:01.496122,0.00016005145525244528,,"[0.6629289076598766, 0.8094774479273729, 0.687903451137376, 0.7294920246809419, 0.8108098184966989]",0.06100080748009355,,"{""C"": 0.00016005145525244528, ""class_weight"": null}",COMPLETE
37,0.7365101685426418,2026-10-05 13:28:55.919968,2026-10-05 13:28:57.771448,0 days 00:00:01.851480,0.019311903482085,,"[0.6396592015740247, 0.7979916382261261, 0.7019349142657061, 0.7469090450764468, 0.7960560435709053]",0.060015626284425326,,"{""C"": 0.019311903482085, ""class_weight"": null}",COMPLETE
38,0.6903779727463316,2026-10-05 13:28:57.771448,2026-10-05 13:29:00.062023,0 days 00:00:02.290575,0.0003818246055349273,balanced,"[0.6151188113749502, 0.7056957589616211, 0.6862225023241808, 0.7009208793191752, 0.7439319117517307]",0.04217824354163655,,"{""C"": 0.0003818246055349273, ""class_weight"": ""balanced""}",COMPLETE
39,0.7404603269388534,2026-10-05 13:29:00.063023,2026-10-05 13:29:01.731612,0 days 00:00:01.668589,0.0015254019206877732,,"[0.6540054313248361, 0.8097359262539182, 0.6963008196839223, 0.736668261816947, 0.8055911956146432]",0.06079478518662945,,"{""C"": 0.0015254019206877732, ""class_weight"": null}",COMPLETE
40,0.7422973648783224,2026-10-05 13:29:01.732615,2026-10-05 13:29:03.303108,0 days 00:00:01.570493,0.0004987962518835263,,"[0.6661066827232647, 0.8116155161673441, 0.6889834332807405, 0.7310512232496724, 0.8137299689705905]",0.061125271495031795,,"{""C"": 0.0004987962518835263, ""class_weight"": null}",COMPLETE
41,0.7414636302673936,2026-10-05 13:29:03.303108,2026-10-05 13:29:04.906358,0 days 00:00:01.603250,0.00028563180477905004,,"[0.6628287903296443, 0.8104709006818457, 0.6889928646746692, 0.7323675647739577, 0.812658030876851]",0.0614003318388039,,"{""C"": 0.00028563180477905004, ""class_weight"": null}",COMPLETE
42,0.7429783768229723,2026-10-05 13:29:04.906358,2026-10-05 13:29:06.548843,0 days 00:00:01.642485,0.0006966154543618859,,"[0.6651195551945291, 0.8119089603713179, 0.6898474065281153, 0.7349507753375624, 0.8130651866833367]",0.06101299002699275,,"{""C"": 0.0006966154543618859, ""class_weight"": null}",COMPLETE
43,0.7323212807050321,2026-10-05 13:29:06.548843,2026-10-05 13:29:10.283219,0 days 00:00:03.734376,3.3463172799085,balanced,"[0.6445982010799045, 0.758619466715688, 0.7214010899619779, 0.7362371256874316, 0.800750520080159]",0.05138886746293758,,"{""C"": 3.3463172799085, ""class_weight"": ""balanced""}",COMPLETE
44,0.7415540391285305,2026-10-05 13:29:10.284222,2026-10-05 13:29:11.928251,0 days 00:00:01.644029,0.0008718650217719142,,"[0.661915488063855, 0.8093736160254902, 0.6921887910821508, 0.7342242840419876, 0.8100680164291689]",0.06021065011445275,,"{""C"": 0.0008718650217719142, ""class_weight"": null}",COMPLETE
45,0.7360749200393066,2026-10-05 13:29:11.928251,2026-10-05 13:29:13.659872,0 days 00:00:01.731621,0.002816698903835246,,"[0.6454329496488268, 0.8045283857086578, 0.6982653537230687, 0.736422744602963, 0.7957251665130168]",0.059815850658060714,,"{""C"": 0.002816698903835246, ""class_weight"": null}",COMPLETE
46,0.7404290026081167,2026-10-05 13:29:13.660883,2026-10-05 13:29:15.414917,0 days 00:00:01.754034,0.00017825713605090912,,"[0.6617829734265832, 0.8098935166019552, 0.6884496942470743, 0.7303675243798042, 0.8116513043851667]",0.061459278750527375,,"{""C"": 0.00017825713605090912, ""class_weight"": null}",COMPLETE
47,0.7416329610389596,2026-10-05 13:29:15.415918,2026-10-05 13:29:17.096120,0 days 00:00:01.680202,0.0009401034643468881,,"[0.660918278531675, 0.8096003360681678, 0.6943240308101024, 0.7349598364718469, 0.8083623233130062]",0.05978276892383094,,"{""C"": 0.0009401034643468881, ""class_weight"": null}",COMPLETE
48,0.7318773370616529,2026-10-05 13:29:17.096120,2026-10-05 13:29:21.045802,0 days 00:00:03.949682,43.440535898683265,balanced,"[0.6441285976937399, 0.7587333396660922, 0.7212821095409641, 0.7362153196284129, 0.799027318779055]",0.05111023991366054,,"{""C"": 43.440535898683265, ""class_weight"": ""balanced""}",COMPLETE
49,0.7345629393388572,2026-10-05 13:29:21.045802,2026-10-05 13:29:22.833490,0 days 00:00:01.787688,0.006957020429014378,,"[0.6411877320744127, 0.7980724861364658, 0.7019051629343567, 0.7390327692348972, 0.7926165463141536]",0.05866706552733597,,"{""C"": 0.006957020429014378, ""class_weight"": null}",COMPLETE
